2018-01-26 14:26:24,568 INFO  [org.jboss.modules] (main) JBoss Modules version 1.6.0.Final-redhat-1
2018-01-26 14:26:25,014 INFO  [org.jboss.msc] (main) JBoss MSC version 1.2.7.SP1-redhat-1
2018-01-26 14:26:25,169 INFO  [org.jboss.as] (MSC service thread 1-8) WFLYSRV0049: JBoss EAP 7.1.0.GA (WildFly Core 3.0.10.Final-redhat-1) starting
2018-01-26 14:26:25,170 DEBUG [org.jboss.as.config] (MSC service thread 1-8) Configured system properties:
	[Server:server-two] = 
	awt.toolkit = sun.awt.X11.XToolkit
	file.encoding = UTF-8
	file.encoding.pkg = sun.io
	file.separator = /
	java.awt.graphicsenv = sun.awt.X11GraphicsEnvironment
	java.awt.headless = true
	java.awt.printerjob = sun.print.PSPrinterJob
	java.class.path = /opt/jboss-eap-7.1/jboss-modules.jar
	java.class.version = 52.0
	java.endorsed.dirs = /usr/java/jdk1.8.0_25/jre/lib/endorsed
	java.ext.dirs = /usr/java/jdk1.8.0_25/jre/lib/ext:/usr/java/packages/lib/ext
	java.home = /usr/java/jdk1.8.0_25/jre
	java.io.tmpdir = /tmp
	java.library.path = /usr/java/packages/lib/amd64:/usr/lib64:/lib64:/lib:/usr/lib
	java.net.preferIPv4Stack = true
	java.runtime.name = Java(TM) SE Runtime Environment
	java.runtime.version = 1.8.0_25-b17
	java.specification.name = Java Platform API Specification
	java.specification.vendor = Oracle Corporation
	java.specification.version = 1.8
	java.util.logging.manager = org.jboss.logmanager.LogManager
	java.vendor = Oracle Corporation
	java.vendor.url = http://java.oracle.com/
	java.vendor.url.bug = http://bugreport.sun.com/bugreport/
	java.version = 1.8.0_25
	java.vm.info = mixed mode
	java.vm.name = Java HotSpot(TM) 64-Bit Server VM
	java.vm.specification.name = Java Virtual Machine Specification
	java.vm.specification.vendor = Oracle Corporation
	java.vm.specification.version = 1.8
	java.vm.vendor = Oracle Corporation
	java.vm.version = 25.25-b02
	javax.management.builder.initial = org.jboss.as.jmx.PluggableMBeanServerBuilder
	javax.xml.datatype.DatatypeFactory = __redirected.__DatatypeFactory
	javax.xml.parsers.DocumentBuilderFactory = __redirected.__DocumentBuilderFactory
	javax.xml.parsers.SAXParserFactory = __redirected.__SAXParserFactory
	javax.xml.stream.XMLEventFactory = __redirected.__XMLEventFactory
	javax.xml.stream.XMLInputFactory = __redirected.__XMLInputFactory
	javax.xml.stream.XMLOutputFactory = __redirected.__XMLOutputFactory
	javax.xml.transform.TransformerFactory = __redirected.__TransformerFactory
	javax.xml.validation.SchemaFactory:http://www.w3.org/2001/XMLSchema = __redirected.__SchemaFactory
	javax.xml.xpath.XPathFactory:http://java.sun.com/jaxp/xpath/dom = __redirected.__XPathFactory
	jboss.domain.base.dir = /opt/jboss-eap-7.1/domain
	jboss.domain.config.dir = /opt/jboss-eap-7.1/domain/configuration
	jboss.home.dir = /opt/jboss-eap-7.1
	jboss.host.name = jon
	jboss.modules.dir = /opt/jboss-eap-7.1/modules
	jboss.modules.system.pkgs = org.jboss.byteman
	jboss.node.name = master:server-two
	jboss.qualified.host.name = jon.skillnet.local
	jboss.server.base.dir = /opt/jboss-eap-7.1/domain/servers/server-two
	jboss.server.config.dir = /opt/jboss-eap-7.1/domain/servers/server-two/configuration
	jboss.server.data.dir = /opt/jboss-eap-7.1/domain/servers/server-two/data
	jboss.server.deploy.dir = /opt/jboss-eap-7.1/domain/servers/server-two/data/content
	jboss.server.log.dir = /opt/jboss-eap-7.1/domain/servers/server-two/log
	jboss.server.name = server-two
	jboss.server.persist.config = true
	jboss.server.temp.dir = /opt/jboss-eap-7.1/domain/servers/server-two/tmp
	line.separator = 

	logging.configuration = file:/opt/jboss-eap-7.1/domain/configuration/default-server-logging.properties
	module.path = /opt/jboss-eap-7.1/modules
	org.jboss.boot.log.file = /opt/jboss-eap-7.1/domain/servers/server-two/log/server.log
	org.jboss.resolver.warning = true
	org.xml.sax.driver = __redirected.__XMLReaderFactory
	os.arch = amd64
	os.name = Linux
	os.version = 3.10.0-514.el7.x86_64
	path.separator = :
	sun.arch.data.model = 64
	sun.boot.class.path = /usr/java/jdk1.8.0_25/jre/lib/resources.jar:/usr/java/jdk1.8.0_25/jre/lib/rt.jar:/usr/java/jdk1.8.0_25/jre/lib/sunrsasign.jar:/usr/java/jdk1.8.0_25/jre/lib/jsse.jar:/usr/java/jdk1.8.0_25/jre/lib/jce.jar:/usr/java/jdk1.8.0_25/jre/lib/charsets.jar:/usr/java/jdk1.8.0_25/jre/lib/jfr.jar:/usr/java/jdk1.8.0_25/jre/classes
	sun.boot.library.path = /usr/java/jdk1.8.0_25/jre/lib/amd64
	sun.cpu.endian = little
	sun.cpu.isalist = 
	sun.io.unicode.encoding = UnicodeLittle
	sun.java.command = /opt/jboss-eap-7.1/jboss-modules.jar -mp /opt/jboss-eap-7.1/modules org.jboss.as.server
	sun.java.launcher = SUN_STANDARD
	sun.jnu.encoding = UTF-8
	sun.management.compiler = HotSpot 64-Bit Tiered Compilers
	sun.os.patch.level = unknown
	user.country = US
	user.dir = /opt/jboss-eap-7.1
	user.home = /home/jboss
	user.language = en
	user.name = jboss
	user.timezone = America/New_York
2018-01-26 14:26:25,171 DEBUG [org.jboss.as.config] (MSC service thread 1-8) VM Arguments: -D[Server:server-two] -Xms1000m -Xmx1000m -XX:MetaspaceSize=96m -XX:MaxMetaspaceSize=256m -Djava.awt.headless=true -Djava.net.preferIPv4Stack=true -Djboss.home.dir=/opt/jboss-eap-7.1 -Djboss.modules.system.pkgs=org.jboss.byteman -Djboss.server.log.dir=/opt/jboss-eap-7.1/domain/servers/server-two/log -Djboss.server.temp.dir=/opt/jboss-eap-7.1/domain/servers/server-two/tmp -Djboss.server.data.dir=/opt/jboss-eap-7.1/domain/servers/server-two/data -Dorg.jboss.boot.log.file=/opt/jboss-eap-7.1/domain/servers/server-two/log/server.log -Dlogging.configuration=file:/opt/jboss-eap-7.1/domain/configuration/default-server-logging.properties 
2018-01-26 14:26:25,267 INFO  [org.xnio] (MSC service thread 1-7) XNIO version 3.5.4.Final-redhat-1
2018-01-26 14:26:25,283 INFO  [org.xnio.nio] (MSC service thread 1-7) XNIO NIO Implementation Version 3.5.4.Final-redhat-1
2018-01-26 14:26:25,320 INFO  [org.jboss.remoting] (MSC service thread 1-7) JBoss Remoting version 5.0.5.Final-redhat-1
2018-01-26 14:26:25,813 INFO  [org.wildfly.security] (ServerService Thread Pool -- 2) ELY00001: WildFly Elytron version 1.1.7.Final-redhat-1
2018-01-26 14:26:27,678 INFO  [org.jboss.as.controller.management-deprecated] (ServerService Thread Pool -- 29) WFLYCTL0028: Attribute 'security-realm' in the resource at address '/subsystem=undertow/server=default-server/https-listener=https' is deprecated, and may be removed in future version. See the attribute description in the output of the read-resource-description operation to learn more about the deprecation.
2018-01-26 14:26:27,877 INFO  [org.jboss.as.webservices] (ServerService Thread Pool -- 36) WFLYWS0002: Activating WebServices Extension
2018-01-26 14:26:27,890 INFO  [org.wildfly.extension.undertow] (ServerService Thread Pool -- 37) WFLYUT0014: Creating file handler for path '/opt/jboss-eap-7.1/welcome-content' with options [directory-listing: 'false', follow-symlink: 'false', case-sensitive: 'true', safe-symlink-paths: '[]']
2018-01-26 14:26:27,892 INFO  [org.wildfly.extension.undertow] (MSC service thread 1-4) WFLYUT0003: Undertow 1.4.18.Final-redhat-2 starting
2018-01-26 14:26:27,931 WARN  [org.jboss.as.txn] (ServerService Thread Pool -- 38) WFLYTX0013: The node-identifier attribute on the /subsystem=transactions is set to the default value. This is a danger for environments running multiple servers. Please make sure the attribute value is unique.
2018-01-26 14:26:27,999 INFO  [org.jboss.as.security] (ServerService Thread Pool -- 40) WFLYSEC0002: Activating Security Subsystem
2018-01-26 14:26:28,004 INFO  [org.jboss.as.security] (MSC service thread 1-6) WFLYSEC0001: Current PicketBox version=5.0.2.Final-redhat-1
2018-01-26 14:26:28,176 INFO  [org.jboss.as.naming] (ServerService Thread Pool -- 46) WFLYNAM0001: Activating Naming Subsystem
2018-01-26 14:26:28,192 INFO  [org.jboss.as.jaxrs] (ServerService Thread Pool -- 55) WFLYRS0016: RESTEasy version 3.0.24.Final-redhat-1
2018-01-26 14:26:28,200 INFO  [org.wildfly.iiop.openjdk] (ServerService Thread Pool -- 56) WFLYIIOP0001: Activating IIOP Subsystem
2018-01-26 14:26:28,206 INFO  [org.wildfly.extension.io] (ServerService Thread Pool -- 58) WFLYIO001: Worker 'default' has auto-configured to 8 core threads with 64 task threads based on your 4 available processors
2018-01-26 14:26:28,208 INFO  [org.jboss.as.clustering.infinispan] (ServerService Thread Pool -- 57) WFLYCLINF0001: Activating Infinispan subsystem.
2018-01-26 14:26:28,241 INFO  [org.jboss.as.jsf] (ServerService Thread Pool -- 50) WFLYJSF0007: Activated the following JSF Implementations: [main]
2018-01-26 14:26:28,313 INFO  [org.wildfly.extension.undertow] (MSC service thread 1-8) WFLYUT0012: Started server default-server.
2018-01-26 14:26:28,318 INFO  [org.wildfly.extension.undertow] (MSC service thread 1-7) WFLYUT0018: Host default-host starting
2018-01-26 14:26:28,308 INFO  [org.jboss.as.naming] (MSC service thread 1-6) WFLYNAM0003: Starting Naming Service
2018-01-26 14:26:28,336 INFO  [org.jboss.as.connector] (MSC service thread 1-8) WFLYJCA0009: Starting JCA Subsystem (WildFly/IronJacamar 1.4.6.Final-redhat-1)
2018-01-26 14:26:28,350 INFO  [org.jboss.as.connector.subsystems.datasources] (ServerService Thread Pool -- 62) WFLYJCA0004: Deploying JDBC-compliant driver class org.h2.Driver (version 1.4)
2018-01-26 14:26:28,465 INFO  [org.wildfly.extension.undertow] (MSC service thread 1-2) WFLYUT0006: Undertow HTTP listener default listening on 127.0.0.1:8230
2018-01-26 14:26:28,455 INFO  [org.jboss.as.mail.extension] (MSC service thread 1-3) WFLYMAIL0001: Bound mail session [java:jboss/mail/Default]
2018-01-26 14:26:28,493 INFO  [org.jboss.as.connector.deployers.jdbc] (MSC service thread 1-7) WFLYJCA0018: Started Driver service with driver-name = h2
2018-01-26 14:26:28,750 INFO  [org.jboss.as.ejb3] (MSC service thread 1-1) WFLYEJB0482: Strict pool mdb-strict-max-pool is using a max instance size of 16 (per class), which is derived from the number of CPUs on this host.
2018-01-26 14:26:28,752 INFO  [org.jboss.as.ejb3] (MSC service thread 1-7) WFLYEJB0481: Strict pool slsb-strict-max-pool is using a max instance size of 64 (per class), which is derived from thread worker pool sizing.
2018-01-26 14:26:29,095 INFO  [org.jboss.as.ejb3] (MSC service thread 1-1) WFLYEJB0493: EJB subsystem suspension complete
2018-01-26 14:26:29,222 INFO  [org.wildfly.iiop.openjdk] (MSC service thread 1-8) WFLYIIOP0009: CORBA ORB Service started
2018-01-26 14:26:29,253 INFO  [org.jboss.as.patching] (MSC service thread 1-3) WFLYPAT0050: JBoss EAP cumulative patch ID is: base, one-off patches include: none
2018-01-26 14:26:29,307 WARN  [org.jboss.as.domain.management.security] (MSC service thread 1-1) WFLYDM0111: Keystore /opt/jboss-eap-7.1/domain/configuration/application.keystore not found, it will be auto generated on first use with a self signed certificate for host localhost
2018-01-26 14:26:29,412 INFO  [org.jboss.as.connector.subsystems.datasources] (MSC service thread 1-2) WFLYJCA0001: Bound data source [java:jboss/datasources/ExampleDS]
2018-01-26 14:26:29,415 INFO  [org.wildfly.extension.undertow] (MSC service thread 1-8) WFLYUT0006: Undertow HTTPS listener https listening on 127.0.0.1:8593
2018-01-26 14:26:29,467 INFO  [org.apache.activemq.artemis.core.server] (ServerService Thread Pool -- 66) AMQ221000: live Message Broker is starting with configuration Broker Configuration (clustered=false,journalDirectory=/opt/jboss-eap-7.1/domain/servers/server-two/data/activemq/journal,bindingsDirectory=/opt/jboss-eap-7.1/domain/servers/server-two/data/activemq/bindings,largeMessagesDirectory=/opt/jboss-eap-7.1/domain/servers/server-two/data/activemq/largemessages,pagingDirectory=/opt/jboss-eap-7.1/domain/servers/server-two/data/activemq/paging)
2018-01-26 14:26:29,511 INFO  [org.apache.activemq.artemis.core.server] (ServerService Thread Pool -- 66) AMQ221012: Using AIO Journal
2018-01-26 14:26:29,550 INFO  [org.jboss.ws.common.management] (MSC service thread 1-8) JBWS022052: Starting JBossWS 5.1.9.Final-redhat-1 (Apache CXF 3.1.12.redhat-1) 
2018-01-26 14:26:29,572 INFO  [org.apache.activemq.artemis.core.server] (ServerService Thread Pool -- 66) AMQ221043: Protocol module found: [artemis-server]. Adding protocol support for: CORE
2018-01-26 14:26:29,573 INFO  [org.apache.activemq.artemis.core.server] (ServerService Thread Pool -- 66) AMQ221043: Protocol module found: [artemis-hornetq-protocol]. Adding protocol support for: HORNETQ
2018-01-26 14:26:29,753 INFO  [org.wildfly.extension.messaging-activemq] (MSC service thread 1-3) WFLYMSGAMQ0016: Registered HTTP upgrade for activemq-remoting protocol handled by http-acceptor-throughput acceptor
2018-01-26 14:26:29,753 INFO  [org.wildfly.extension.messaging-activemq] (MSC service thread 1-2) WFLYMSGAMQ0016: Registered HTTP upgrade for activemq-remoting protocol handled by http-acceptor acceptor
2018-01-26 14:26:29,753 INFO  [org.wildfly.extension.messaging-activemq] (MSC service thread 1-8) WFLYMSGAMQ0016: Registered HTTP upgrade for activemq-remoting protocol handled by http-acceptor acceptor
2018-01-26 14:26:29,753 INFO  [org.wildfly.extension.messaging-activemq] (MSC service thread 1-6) WFLYMSGAMQ0016: Registered HTTP upgrade for activemq-remoting protocol handled by http-acceptor-throughput acceptor
2018-01-26 14:26:29,830 INFO  [org.apache.activemq.artemis.core.server] (ServerService Thread Pool -- 66) AMQ221007: Server is now live
2018-01-26 14:26:29,831 INFO  [org.apache.activemq.artemis.core.server] (ServerService Thread Pool -- 66) AMQ221001: Apache ActiveMQ Artemis Message Broker version 1.5.5.008-redhat-1 [default, nodeID=cefe222d-02ce-11e8-9997-005056a9ff92] 
2018-01-26 14:26:29,833 INFO  [org.apache.activemq.artemis.core.server] (ServerService Thread Pool -- 66) AMQ221003: Deploying queue jms.queue.DLQ
2018-01-26 14:26:29,893 INFO  [org.jboss.as.connector.deployment] (MSC service thread 1-8) WFLYJCA0007: Registered connection factory java:/JmsXA
2018-01-26 14:26:29,900 INFO  [org.wildfly.extension.messaging-activemq] (ServerService Thread Pool -- 69) WFLYMSGAMQ0002: Bound messaging object to jndi name java:jboss/exported/jms/RemoteConnectionFactory
2018-01-26 14:26:29,901 INFO  [org.apache.activemq.artemis.core.server] (ServerService Thread Pool -- 68) AMQ221003: Deploying queue jms.queue.ExpiryQueue
2018-01-26 14:26:29,909 INFO  [org.wildfly.extension.messaging-activemq] (ServerService Thread Pool -- 67) WFLYMSGAMQ0002: Bound messaging object to jndi name java:/ConnectionFactory
2018-01-26 14:26:29,941 INFO  [org.apache.activemq.artemis.ra] (MSC service thread 1-8) Resource adaptor started
2018-01-26 14:26:29,942 INFO  [org.jboss.as.connector.services.resourceadapters.ResourceAdapterActivatorService$ResourceAdapterActivator] (MSC service thread 1-8) IJ020002: Deployed: file://RaActivatoractivemq-ra
2018-01-26 14:26:29,943 INFO  [org.jboss.as.connector.deployment] (MSC service thread 1-4) WFLYJCA0002: Bound JCA ConnectionFactory [java:/JmsXA]
2018-01-26 14:26:29,943 INFO  [org.wildfly.extension.messaging-activemq] (MSC service thread 1-4) WFLYMSGAMQ0002: Bound messaging object to jndi name java:jboss/DefaultJMSConnectionFactory
2018-01-26 14:26:30,028 INFO  [org.jboss.as.server] (Controller Boot Thread) WFLYSRV0212: Resuming server
2018-01-26 14:26:30,031 INFO  [org.jboss.as] (Controller Boot Thread) WFLYSRV0025: JBoss EAP 7.1.0.GA (WildFly Core 3.0.10.Final-redhat-1) started in 6023ms - Started 314 of 579 services (360 services are lazy, passive or on-demand)
2018-01-26 14:26:46,035 INFO  [org.jboss.as.server] (Thread-2) WFLYSRV0220: Server shutdown has been requested via an OS signal
2018-01-26 14:26:46,081 INFO  [org.jboss.as.connector.subsystems.datasources] (MSC service thread 1-7) WFLYJCA0010: Unbound data source [java:jboss/datasources/ExampleDS]
2018-01-26 14:26:46,090 INFO  [org.wildfly.extension.messaging-activemq] (MSC service thread 1-3) WFLYMSGAMQ0006: Unbound messaging object to jndi name java:jboss/DefaultJMSConnectionFactory
2018-01-26 14:26:46,104 INFO  [org.jboss.as.connector.deployment] (MSC service thread 1-2) WFLYJCA0011: Unbound JCA ConnectionFactory [java:/JmsXA]
2018-01-26 14:26:46,104 INFO  [org.wildfly.extension.undertow] (MSC service thread 1-1) WFLYUT0019: Host default-host stopping
2018-01-26 14:26:46,106 INFO  [org.wildfly.extension.messaging-activemq] (ServerService Thread Pool -- 16) WFLYMSGAMQ0006: Unbound messaging object to jndi name java:/ConnectionFactory
2018-01-26 14:26:46,141 INFO  [org.wildfly.extension.undertow] (MSC service thread 1-4) WFLYUT0008: Undertow HTTPS listener https suspending
2018-01-26 14:26:46,146 INFO  [org.wildfly.extension.undertow] (MSC service thread 1-4) WFLYUT0007: Undertow HTTPS listener https stopped, was bound to 127.0.0.1:8593
2018-01-26 14:26:46,157 INFO  [org.jboss.as.connector.deployers.jdbc] (MSC service thread 1-8) WFLYJCA0019: Stopped Driver service with driver-name = h2
2018-01-26 14:26:46,179 INFO  [org.apache.activemq.artemis.ra] (ServerService Thread Pool -- 34) AMQ151003: resource adaptor stopped
2018-01-26 14:26:46,244 INFO  [org.apache.activemq.artemis.core.server] (ServerService Thread Pool -- 34) AMQ221002: Apache ActiveMQ Artemis Message Broker version 1.5.5.008-redhat-1 [cefe222d-02ce-11e8-9997-005056a9ff92] stopped, uptime 16.868 seconds
2018-01-26 14:26:46,245 INFO  [org.wildfly.extension.undertow] (MSC service thread 1-3) WFLYUT0008: Undertow HTTP listener default suspending
2018-01-26 14:26:46,246 INFO  [org.wildfly.extension.undertow] (MSC service thread 1-3) WFLYUT0007: Undertow HTTP listener default stopped, was bound to 127.0.0.1:8230
2018-01-26 14:26:46,246 INFO  [org.wildfly.extension.undertow] (MSC service thread 1-3) WFLYUT0004: Undertow 1.4.18.Final-redhat-2 stopping
2018-01-26 14:26:46,305 INFO  [org.jboss.as] (MSC service thread 1-7) WFLYSRV0050: JBoss EAP 7.1.0.GA (WildFly Core 3.0.10.Final-redhat-1) stopped in 217ms
2018-01-26 14:51:57,650 INFO  [org.jboss.modules] (main) JBoss Modules version 1.6.0.Final-redhat-1
2018-01-26 14:51:58,130 INFO  [org.jboss.msc] (main) JBoss MSC version 1.2.7.SP1-redhat-1
2018-01-26 14:51:58,300 INFO  [org.jboss.as] (MSC service thread 1-8) WFLYSRV0049: JBoss EAP 7.1.0.GA (WildFly Core 3.0.10.Final-redhat-1) starting
2018-01-26 14:51:58,301 DEBUG [org.jboss.as.config] (MSC service thread 1-8) Configured system properties:
	[Server:server-two] = 
	awt.toolkit = sun.awt.X11.XToolkit
	file.encoding = UTF-8
	file.encoding.pkg = sun.io
	file.separator = /
	java.awt.graphicsenv = sun.awt.X11GraphicsEnvironment
	java.awt.headless = true
	java.awt.printerjob = sun.print.PSPrinterJob
	java.class.path = /opt/jboss-eap-7.1/jboss-modules.jar
	java.class.version = 52.0
	java.endorsed.dirs = /usr/java/jdk1.8.0_25/jre/lib/endorsed
	java.ext.dirs = /usr/java/jdk1.8.0_25/jre/lib/ext:/usr/java/packages/lib/ext
	java.home = /usr/java/jdk1.8.0_25/jre
	java.io.tmpdir = /tmp
	java.library.path = /usr/java/packages/lib/amd64:/usr/lib64:/lib64:/lib:/usr/lib
	java.net.preferIPv4Stack = true
	java.runtime.name = Java(TM) SE Runtime Environment
	java.runtime.version = 1.8.0_25-b17
	java.specification.name = Java Platform API Specification
	java.specification.vendor = Oracle Corporation
	java.specification.version = 1.8
	java.util.logging.manager = org.jboss.logmanager.LogManager
	java.vendor = Oracle Corporation
	java.vendor.url = http://java.oracle.com/
	java.vendor.url.bug = http://bugreport.sun.com/bugreport/
	java.version = 1.8.0_25
	java.vm.info = mixed mode
	java.vm.name = Java HotSpot(TM) 64-Bit Server VM
	java.vm.specification.name = Java Virtual Machine Specification
	java.vm.specification.vendor = Oracle Corporation
	java.vm.specification.version = 1.8
	java.vm.vendor = Oracle Corporation
	java.vm.version = 25.25-b02
	javax.management.builder.initial = org.jboss.as.jmx.PluggableMBeanServerBuilder
	javax.xml.datatype.DatatypeFactory = __redirected.__DatatypeFactory
	javax.xml.parsers.DocumentBuilderFactory = __redirected.__DocumentBuilderFactory
	javax.xml.parsers.SAXParserFactory = __redirected.__SAXParserFactory
	javax.xml.stream.XMLEventFactory = __redirected.__XMLEventFactory
	javax.xml.stream.XMLInputFactory = __redirected.__XMLInputFactory
	javax.xml.stream.XMLOutputFactory = __redirected.__XMLOutputFactory
	javax.xml.transform.TransformerFactory = __redirected.__TransformerFactory
	javax.xml.validation.SchemaFactory:http://www.w3.org/2001/XMLSchema = __redirected.__SchemaFactory
	javax.xml.xpath.XPathFactory:http://java.sun.com/jaxp/xpath/dom = __redirected.__XPathFactory
	jboss.domain.base.dir = /opt/jboss-eap-7.1/domain
	jboss.domain.config.dir = /opt/jboss-eap-7.1/domain/configuration
	jboss.home.dir = /opt/jboss-eap-7.1
	jboss.host.name = jon
	jboss.modules.dir = /opt/jboss-eap-7.1/modules
	jboss.modules.system.pkgs = org.jboss.byteman
	jboss.node.name = master:server-two
	jboss.qualified.host.name = jon.skillnet.local
	jboss.server.base.dir = /opt/jboss-eap-7.1/domain/servers/server-two
	jboss.server.config.dir = /opt/jboss-eap-7.1/domain/servers/server-two/configuration
	jboss.server.data.dir = /opt/jboss-eap-7.1/domain/servers/server-two/data
	jboss.server.deploy.dir = /opt/jboss-eap-7.1/domain/servers/server-two/data/content
	jboss.server.log.dir = /opt/jboss-eap-7.1/domain/servers/server-two/log
	jboss.server.name = server-two
	jboss.server.persist.config = true
	jboss.server.temp.dir = /opt/jboss-eap-7.1/domain/servers/server-two/tmp
	line.separator = 

	logging.configuration = file:/opt/jboss-eap-7.1/domain/servers/server-two/data/logging.properties
	module.path = /opt/jboss-eap-7.1/modules
	org.jboss.resolver.warning = true
	org.xml.sax.driver = __redirected.__XMLReaderFactory
	os.arch = amd64
	os.name = Linux
	os.version = 3.10.0-514.el7.x86_64
	path.separator = :
	sun.arch.data.model = 64
	sun.boot.class.path = /usr/java/jdk1.8.0_25/jre/lib/resources.jar:/usr/java/jdk1.8.0_25/jre/lib/rt.jar:/usr/java/jdk1.8.0_25/jre/lib/sunrsasign.jar:/usr/java/jdk1.8.0_25/jre/lib/jsse.jar:/usr/java/jdk1.8.0_25/jre/lib/jce.jar:/usr/java/jdk1.8.0_25/jre/lib/charsets.jar:/usr/java/jdk1.8.0_25/jre/lib/jfr.jar:/usr/java/jdk1.8.0_25/jre/classes
	sun.boot.library.path = /usr/java/jdk1.8.0_25/jre/lib/amd64
	sun.cpu.endian = little
	sun.cpu.isalist = 
	sun.io.unicode.encoding = UnicodeLittle
	sun.java.command = /opt/jboss-eap-7.1/jboss-modules.jar -mp /opt/jboss-eap-7.1/modules org.jboss.as.server
	sun.java.launcher = SUN_STANDARD
	sun.jnu.encoding = UTF-8
	sun.management.compiler = HotSpot 64-Bit Tiered Compilers
	sun.os.patch.level = unknown
	user.country = US
	user.dir = /opt/jboss-eap-7.1
	user.home = /home/jboss
	user.language = en
	user.name = jboss
	user.timezone = America/New_York
2018-01-26 14:51:58,302 DEBUG [org.jboss.as.config] (MSC service thread 1-8) VM Arguments: -D[Server:server-two] -Xms1000m -Xmx1000m -XX:MetaspaceSize=96m -XX:MaxMetaspaceSize=256m -Djava.awt.headless=true -Djava.net.preferIPv4Stack=true -Djboss.home.dir=/opt/jboss-eap-7.1 -Djboss.modules.system.pkgs=org.jboss.byteman -Djboss.server.log.dir=/opt/jboss-eap-7.1/domain/servers/server-two/log -Djboss.server.temp.dir=/opt/jboss-eap-7.1/domain/servers/server-two/tmp -Djboss.server.data.dir=/opt/jboss-eap-7.1/domain/servers/server-two/data -Dlogging.configuration=file:/opt/jboss-eap-7.1/domain/servers/server-two/data/logging.properties 
2018-01-26 14:51:58,390 INFO  [org.xnio] (MSC service thread 1-8) XNIO version 3.5.4.Final-redhat-1
2018-01-26 14:51:58,434 INFO  [org.xnio.nio] (MSC service thread 1-8) XNIO NIO Implementation Version 3.5.4.Final-redhat-1
2018-01-26 14:51:58,488 INFO  [org.jboss.remoting] (MSC service thread 1-8) JBoss Remoting version 5.0.5.Final-redhat-1
2018-01-26 14:51:58,924 INFO  [org.wildfly.security] (ServerService Thread Pool -- 2) ELY00001: WildFly Elytron version 1.1.7.Final-redhat-1
2018-01-26 14:52:00,815 INFO  [org.jboss.as.controller.management-deprecated] (ServerService Thread Pool -- 4) WFLYCTL0028: Attribute 'security-realm' in the resource at address '/subsystem=undertow/server=default-server/https-listener=https' is deprecated, and may be removed in future version. See the attribute description in the output of the read-resource-description operation to learn more about the deprecation.
2018-01-26 14:52:00,933 INFO  [org.jboss.as.webservices] (ServerService Thread Pool -- 36) WFLYWS0002: Activating WebServices Extension
2018-01-26 14:52:00,960 WARN  [org.jboss.as.txn] (ServerService Thread Pool -- 38) WFLYTX0013: The node-identifier attribute on the /subsystem=transactions is set to the default value. This is a danger for environments running multiple servers. Please make sure the attribute value is unique.
2018-01-26 14:52:01,023 INFO  [org.jboss.as.security] (ServerService Thread Pool -- 40) WFLYSEC0002: Activating Security Subsystem
2018-01-26 14:52:01,122 INFO  [org.jboss.as.jsf] (ServerService Thread Pool -- 50) WFLYJSF0007: Activated the following JSF Implementations: [main]
2018-01-26 14:52:01,140 INFO  [org.jboss.as.naming] (ServerService Thread Pool -- 46) WFLYNAM0001: Activating Naming Subsystem
2018-01-26 14:52:01,191 INFO  [org.jboss.as.jaxrs] (ServerService Thread Pool -- 55) WFLYRS0016: RESTEasy version 3.0.24.Final-redhat-1
2018-01-26 14:52:01,211 INFO  [org.jboss.as.clustering.infinispan] (ServerService Thread Pool -- 57) WFLYCLINF0001: Activating Infinispan subsystem.
2018-01-26 14:52:01,259 INFO  [org.wildfly.extension.undertow] (MSC service thread 1-2) WFLYUT0003: Undertow 1.4.18.Final-redhat-2 starting
2018-01-26 14:52:01,262 INFO  [org.jboss.as.naming] (MSC service thread 1-5) WFLYNAM0003: Starting Naming Service
2018-01-26 14:52:01,271 INFO  [org.wildfly.iiop.openjdk] (ServerService Thread Pool -- 56) WFLYIIOP0001: Activating IIOP Subsystem
2018-01-26 14:52:01,332 INFO  [org.jboss.as.connector] (MSC service thread 1-4) WFLYJCA0009: Starting JCA Subsystem (WildFly/IronJacamar 1.4.6.Final-redhat-1)
2018-01-26 14:52:01,348 INFO  [org.jboss.as.mail.extension] (MSC service thread 1-1) WFLYMAIL0001: Bound mail session [java:jboss/mail/Default]
2018-01-26 14:52:01,356 INFO  [org.jboss.as.connector.subsystems.datasources] (ServerService Thread Pool -- 62) WFLYJCA0004: Deploying JDBC-compliant driver class org.h2.Driver (version 1.4)
2018-01-26 14:52:01,358 INFO  [org.jboss.as.security] (MSC service thread 1-2) WFLYSEC0001: Current PicketBox version=5.0.2.Final-redhat-1
2018-01-26 14:52:01,386 INFO  [org.wildfly.extension.undertow] (ServerService Thread Pool -- 37) WFLYUT0014: Creating file handler for path '/opt/jboss-eap-7.1/welcome-content' with options [directory-listing: 'false', follow-symlink: 'false', case-sensitive: 'true', safe-symlink-paths: '[]']
2018-01-26 14:52:01,403 INFO  [org.wildfly.extension.io] (ServerService Thread Pool -- 58) WFLYIO001: Worker 'default' has auto-configured to 8 core threads with 64 task threads based on your 4 available processors
2018-01-26 14:52:01,443 INFO  [org.jboss.as.connector.deployers.jdbc] (MSC service thread 1-6) WFLYJCA0018: Started Driver service with driver-name = h2
2018-01-26 14:52:01,697 INFO  [org.jboss.as.ejb3] (MSC service thread 1-6) WFLYEJB0481: Strict pool slsb-strict-max-pool is using a max instance size of 64 (per class), which is derived from thread worker pool sizing.
2018-01-26 14:52:01,697 INFO  [org.jboss.as.ejb3] (MSC service thread 1-3) WFLYEJB0482: Strict pool mdb-strict-max-pool is using a max instance size of 16 (per class), which is derived from the number of CPUs on this host.
2018-01-26 14:52:01,810 INFO  [org.wildfly.extension.undertow] (MSC service thread 1-7) WFLYUT0012: Started server default-server.
2018-01-26 14:52:01,818 INFO  [org.wildfly.extension.undertow] (MSC service thread 1-4) WFLYUT0018: Host default-host starting
2018-01-26 14:52:01,883 INFO  [org.wildfly.extension.undertow] (MSC service thread 1-7) WFLYUT0006: Undertow HTTP listener default listening on 127.0.0.1:8230
2018-01-26 14:52:01,913 INFO  [org.jboss.as.ejb3] (MSC service thread 1-2) WFLYEJB0493: EJB subsystem suspension complete
2018-01-26 14:52:02,069 INFO  [org.wildfly.iiop.openjdk] (MSC service thread 1-1) WFLYIIOP0009: CORBA ORB Service started
2018-01-26 14:52:02,117 INFO  [org.jboss.as.connector.subsystems.datasources] (MSC service thread 1-6) WFLYJCA0001: Bound data source [java:jboss/datasources/ExampleDS]
2018-01-26 14:52:02,176 INFO  [org.jboss.as.patching] (MSC service thread 1-7) WFLYPAT0050: JBoss EAP cumulative patch ID is: base, one-off patches include: none
2018-01-26 14:52:02,185 WARN  [org.jboss.as.domain.management.security] (MSC service thread 1-2) WFLYDM0111: Keystore /opt/jboss-eap-7.1/domain/configuration/application.keystore not found, it will be auto generated on first use with a self signed certificate for host localhost
2018-01-26 14:52:02,254 INFO  [org.wildfly.extension.undertow] (MSC service thread 1-1) WFLYUT0006: Undertow HTTPS listener https listening on 127.0.0.1:8593
2018-01-26 14:52:02,275 INFO  [org.apache.activemq.artemis.core.server] (ServerService Thread Pool -- 66) AMQ221000: live Message Broker is starting with configuration Broker Configuration (clustered=false,journalDirectory=/opt/jboss-eap-7.1/domain/servers/server-two/data/activemq/journal,bindingsDirectory=/opt/jboss-eap-7.1/domain/servers/server-two/data/activemq/bindings,largeMessagesDirectory=/opt/jboss-eap-7.1/domain/servers/server-two/data/activemq/largemessages,pagingDirectory=/opt/jboss-eap-7.1/domain/servers/server-two/data/activemq/paging)
2018-01-26 14:52:02,367 INFO  [org.apache.activemq.artemis.core.server] (ServerService Thread Pool -- 66) AMQ221012: Using AIO Journal
2018-01-26 14:52:02,398 INFO  [org.jboss.ws.common.management] (MSC service thread 1-1) JBWS022052: Starting JBossWS 5.1.9.Final-redhat-1 (Apache CXF 3.1.12.redhat-1) 
2018-01-26 14:52:02,439 INFO  [org.apache.activemq.artemis.core.server] (ServerService Thread Pool -- 66) AMQ221043: Protocol module found: [artemis-server]. Adding protocol support for: CORE
2018-01-26 14:52:02,440 INFO  [org.apache.activemq.artemis.core.server] (ServerService Thread Pool -- 66) AMQ221043: Protocol module found: [artemis-hornetq-protocol]. Adding protocol support for: HORNETQ
2018-01-26 14:52:02,699 INFO  [org.wildfly.extension.messaging-activemq] (MSC service thread 1-2) WFLYMSGAMQ0016: Registered HTTP upgrade for activemq-remoting protocol handled by http-acceptor-throughput acceptor
2018-01-26 14:52:02,700 INFO  [org.wildfly.extension.messaging-activemq] (MSC service thread 1-4) WFLYMSGAMQ0016: Registered HTTP upgrade for activemq-remoting protocol handled by http-acceptor acceptor
2018-01-26 14:52:02,699 INFO  [org.wildfly.extension.messaging-activemq] (MSC service thread 1-8) WFLYMSGAMQ0016: Registered HTTP upgrade for activemq-remoting protocol handled by http-acceptor-throughput acceptor
2018-01-26 14:52:02,699 INFO  [org.wildfly.extension.messaging-activemq] (MSC service thread 1-3) WFLYMSGAMQ0016: Registered HTTP upgrade for activemq-remoting protocol handled by http-acceptor acceptor
2018-01-26 14:52:02,763 INFO  [org.apache.activemq.artemis.core.server] (ServerService Thread Pool -- 66) AMQ221007: Server is now live
2018-01-26 14:52:02,764 INFO  [org.apache.activemq.artemis.core.server] (ServerService Thread Pool -- 66) AMQ221001: Apache ActiveMQ Artemis Message Broker version 1.5.5.008-redhat-1 [default, nodeID=cefe222d-02ce-11e8-9997-005056a9ff92] 
2018-01-26 14:52:02,770 INFO  [org.apache.activemq.artemis.core.server] (ServerService Thread Pool -- 66) AMQ221003: Deploying queue jms.queue.ExpiryQueue
2018-01-26 14:52:02,813 INFO  [org.wildfly.extension.messaging-activemq] (ServerService Thread Pool -- 69) WFLYMSGAMQ0002: Bound messaging object to jndi name java:jboss/exported/jms/RemoteConnectionFactory
2018-01-26 14:52:02,814 INFO  [org.wildfly.extension.messaging-activemq] (ServerService Thread Pool -- 68) WFLYMSGAMQ0002: Bound messaging object to jndi name java:/ConnectionFactory
2018-01-26 14:52:02,815 INFO  [org.apache.activemq.artemis.core.server] (ServerService Thread Pool -- 67) AMQ221003: Deploying queue jms.queue.DLQ
2018-01-26 14:52:02,837 INFO  [org.jboss.as.connector.deployment] (MSC service thread 1-3) WFLYJCA0007: Registered connection factory java:/JmsXA
2018-01-26 14:52:02,883 INFO  [org.apache.activemq.artemis.ra] (MSC service thread 1-3) Resource adaptor started
2018-01-26 14:52:02,884 INFO  [org.jboss.as.connector.services.resourceadapters.ResourceAdapterActivatorService$ResourceAdapterActivator] (MSC service thread 1-3) IJ020002: Deployed: file://RaActivatoractivemq-ra
2018-01-26 14:52:02,888 INFO  [org.jboss.as.connector.deployment] (MSC service thread 1-6) WFLYJCA0002: Bound JCA ConnectionFactory [java:/JmsXA]
2018-01-26 14:52:02,888 INFO  [org.wildfly.extension.messaging-activemq] (MSC service thread 1-6) WFLYMSGAMQ0002: Bound messaging object to jndi name java:jboss/DefaultJMSConnectionFactory
2018-01-26 14:52:02,985 INFO  [org.jboss.as.server] (Controller Boot Thread) WFLYSRV0212: Resuming server
2018-01-26 14:52:02,990 INFO  [org.jboss.as] (Controller Boot Thread) WFLYSRV0025: JBoss EAP 7.1.0.GA (WildFly Core 3.0.10.Final-redhat-1) started in 6053ms - Started 314 of 579 services (360 services are lazy, passive or on-demand)
2018-01-26 14:52:05,785 INFO  [org.jboss.as.server] (Thread-2) WFLYSRV0220: Server shutdown has been requested via an OS signal
2018-01-26 14:52:05,880 INFO  [org.jboss.as.connector.subsystems.datasources] (MSC service thread 1-4) WFLYJCA0010: Unbound data source [java:jboss/datasources/ExampleDS]
2018-01-26 14:52:05,881 INFO  [org.wildfly.extension.messaging-activemq] (MSC service thread 1-4) WFLYMSGAMQ0006: Unbound messaging object to jndi name java:jboss/DefaultJMSConnectionFactory
2018-01-26 14:52:05,922 INFO  [org.jboss.as.connector.deployment] (MSC service thread 1-1) WFLYJCA0011: Unbound JCA ConnectionFactory [java:/JmsXA]
2018-01-26 14:52:05,922 INFO  [org.wildfly.extension.messaging-activemq] (ServerService Thread Pool -- 6) WFLYMSGAMQ0006: Unbound messaging object to jndi name java:jboss/exported/jms/RemoteConnectionFactory
2018-01-26 14:52:05,955 INFO  [org.wildfly.extension.undertow] (MSC service thread 1-7) WFLYUT0008: Undertow HTTPS listener https suspending
2018-01-26 14:52:05,959 INFO  [org.wildfly.extension.undertow] (MSC service thread 1-8) WFLYUT0019: Host default-host stopping
2018-01-26 14:52:05,960 INFO  [org.wildfly.extension.undertow] (MSC service thread 1-7) WFLYUT0007: Undertow HTTPS listener https stopped, was bound to 127.0.0.1:8593
2018-01-26 14:52:05,970 INFO  [org.jboss.as.connector.deployers.jdbc] (MSC service thread 1-3) WFLYJCA0019: Stopped Driver service with driver-name = h2
2018-01-26 14:52:06,011 INFO  [org.apache.activemq.artemis.ra] (ServerService Thread Pool -- 13) AMQ151003: resource adaptor stopped
2018-01-26 14:52:06,122 INFO  [org.apache.activemq.artemis.core.server] (ServerService Thread Pool -- 13) AMQ221002: Apache ActiveMQ Artemis Message Broker version 1.5.5.008-redhat-1 [cefe222d-02ce-11e8-9997-005056a9ff92] stopped, uptime 3.866 seconds
2018-01-26 14:52:06,123 INFO  [org.wildfly.extension.undertow] (MSC service thread 1-6) WFLYUT0008: Undertow HTTP listener default suspending
2018-01-26 14:52:06,124 INFO  [org.wildfly.extension.undertow] (MSC service thread 1-6) WFLYUT0007: Undertow HTTP listener default stopped, was bound to 127.0.0.1:8230
2018-01-26 14:52:06,124 INFO  [org.wildfly.extension.undertow] (MSC service thread 1-6) WFLYUT0004: Undertow 1.4.18.Final-redhat-2 stopping
2018-01-26 14:52:06,156 INFO  [org.jboss.as] (MSC service thread 1-6) WFLYSRV0050: JBoss EAP 7.1.0.GA (WildFly Core 3.0.10.Final-redhat-1) stopped in 362ms
2018-01-26 14:54:16,516 INFO  [org.jboss.modules] (main) JBoss Modules version 1.6.0.Final-redhat-1
2018-01-26 14:54:16,977 INFO  [org.jboss.msc] (main) JBoss MSC version 1.2.7.SP1-redhat-1
2018-01-26 14:54:17,150 INFO  [org.jboss.as] (MSC service thread 1-7) WFLYSRV0049: JBoss EAP 7.1.0.GA (WildFly Core 3.0.10.Final-redhat-1) starting
2018-01-26 14:54:17,151 DEBUG [org.jboss.as.config] (MSC service thread 1-7) Configured system properties:
	[Server:server-two] = 
	awt.toolkit = sun.awt.X11.XToolkit
	file.encoding = UTF-8
	file.encoding.pkg = sun.io
	file.separator = /
	java.awt.graphicsenv = sun.awt.X11GraphicsEnvironment
	java.awt.headless = true
	java.awt.printerjob = sun.print.PSPrinterJob
	java.class.path = /opt/jboss-eap-7.1/jboss-modules.jar
	java.class.version = 52.0
	java.endorsed.dirs = /usr/java/jdk1.8.0_25/jre/lib/endorsed
	java.ext.dirs = /usr/java/jdk1.8.0_25/jre/lib/ext:/usr/java/packages/lib/ext
	java.home = /usr/java/jdk1.8.0_25/jre
	java.io.tmpdir = /tmp
	java.library.path = /usr/java/packages/lib/amd64:/usr/lib64:/lib64:/lib:/usr/lib
	java.net.preferIPv4Stack = true
	java.runtime.name = Java(TM) SE Runtime Environment
	java.runtime.version = 1.8.0_25-b17
	java.specification.name = Java Platform API Specification
	java.specification.vendor = Oracle Corporation
	java.specification.version = 1.8
	java.util.logging.manager = org.jboss.logmanager.LogManager
	java.vendor = Oracle Corporation
	java.vendor.url = http://java.oracle.com/
	java.vendor.url.bug = http://bugreport.sun.com/bugreport/
	java.version = 1.8.0_25
	java.vm.info = mixed mode
	java.vm.name = Java HotSpot(TM) 64-Bit Server VM
	java.vm.specification.name = Java Virtual Machine Specification
	java.vm.specification.vendor = Oracle Corporation
	java.vm.specification.version = 1.8
	java.vm.vendor = Oracle Corporation
	java.vm.version = 25.25-b02
	javax.management.builder.initial = org.jboss.as.jmx.PluggableMBeanServerBuilder
	javax.xml.datatype.DatatypeFactory = __redirected.__DatatypeFactory
	javax.xml.parsers.DocumentBuilderFactory = __redirected.__DocumentBuilderFactory
	javax.xml.parsers.SAXParserFactory = __redirected.__SAXParserFactory
	javax.xml.stream.XMLEventFactory = __redirected.__XMLEventFactory
	javax.xml.stream.XMLInputFactory = __redirected.__XMLInputFactory
	javax.xml.stream.XMLOutputFactory = __redirected.__XMLOutputFactory
	javax.xml.transform.TransformerFactory = __redirected.__TransformerFactory
	javax.xml.validation.SchemaFactory:http://www.w3.org/2001/XMLSchema = __redirected.__SchemaFactory
	javax.xml.xpath.XPathFactory:http://java.sun.com/jaxp/xpath/dom = __redirected.__XPathFactory
	jboss.domain.base.dir = /opt/jboss-eap-7.1/domain
	jboss.domain.config.dir = /opt/jboss-eap-7.1/domain/configuration
	jboss.home.dir = /opt/jboss-eap-7.1
	jboss.host.name = jon
	jboss.modules.dir = /opt/jboss-eap-7.1/modules
	jboss.modules.system.pkgs = org.jboss.byteman
	jboss.node.name = master:server-two
	jboss.qualified.host.name = jon.skillnet.local
	jboss.server.base.dir = /opt/jboss-eap-7.1/domain/servers/server-two
	jboss.server.config.dir = /opt/jboss-eap-7.1/domain/servers/server-two/configuration
	jboss.server.data.dir = /opt/jboss-eap-7.1/domain/servers/server-two/data
	jboss.server.deploy.dir = /opt/jboss-eap-7.1/domain/servers/server-two/data/content
	jboss.server.log.dir = /opt/jboss-eap-7.1/domain/servers/server-two/log
	jboss.server.name = server-two
	jboss.server.persist.config = true
	jboss.server.temp.dir = /opt/jboss-eap-7.1/domain/servers/server-two/tmp
	line.separator = 

	logging.configuration = file:/opt/jboss-eap-7.1/domain/servers/server-two/data/logging.properties
	module.path = /opt/jboss-eap-7.1/modules
	org.jboss.resolver.warning = true
	org.xml.sax.driver = __redirected.__XMLReaderFactory
	os.arch = amd64
	os.name = Linux
	os.version = 3.10.0-514.el7.x86_64
	path.separator = :
	sun.arch.data.model = 64
	sun.boot.class.path = /usr/java/jdk1.8.0_25/jre/lib/resources.jar:/usr/java/jdk1.8.0_25/jre/lib/rt.jar:/usr/java/jdk1.8.0_25/jre/lib/sunrsasign.jar:/usr/java/jdk1.8.0_25/jre/lib/jsse.jar:/usr/java/jdk1.8.0_25/jre/lib/jce.jar:/usr/java/jdk1.8.0_25/jre/lib/charsets.jar:/usr/java/jdk1.8.0_25/jre/lib/jfr.jar:/usr/java/jdk1.8.0_25/jre/classes
	sun.boot.library.path = /usr/java/jdk1.8.0_25/jre/lib/amd64
	sun.cpu.endian = little
	sun.cpu.isalist = 
	sun.io.unicode.encoding = UnicodeLittle
	sun.java.command = /opt/jboss-eap-7.1/jboss-modules.jar -mp /opt/jboss-eap-7.1/modules org.jboss.as.server
	sun.java.launcher = SUN_STANDARD
	sun.jnu.encoding = UTF-8
	sun.management.compiler = HotSpot 64-Bit Tiered Compilers
	sun.os.patch.level = unknown
	user.country = US
	user.dir = /opt/jboss-eap-7.1
	user.home = /home/jboss
	user.language = en
	user.name = jboss
	user.timezone = America/New_York
2018-01-26 14:54:17,151 DEBUG [org.jboss.as.config] (MSC service thread 1-7) VM Arguments: -D[Server:server-two] -Xms1000m -Xmx1000m -XX:MetaspaceSize=96m -XX:MaxMetaspaceSize=256m -Djava.awt.headless=true -Djava.net.preferIPv4Stack=true -Djboss.home.dir=/opt/jboss-eap-7.1 -Djboss.modules.system.pkgs=org.jboss.byteman -Djboss.server.log.dir=/opt/jboss-eap-7.1/domain/servers/server-two/log -Djboss.server.temp.dir=/opt/jboss-eap-7.1/domain/servers/server-two/tmp -Djboss.server.data.dir=/opt/jboss-eap-7.1/domain/servers/server-two/data -Dlogging.configuration=file:/opt/jboss-eap-7.1/domain/servers/server-two/data/logging.properties 
2018-01-26 14:54:17,233 INFO  [org.xnio] (MSC service thread 1-7) XNIO version 3.5.4.Final-redhat-1
2018-01-26 14:54:17,265 INFO  [org.xnio.nio] (MSC service thread 1-7) XNIO NIO Implementation Version 3.5.4.Final-redhat-1
2018-01-26 14:54:17,335 INFO  [org.jboss.remoting] (MSC service thread 1-7) JBoss Remoting version 5.0.5.Final-redhat-1
2018-01-26 14:54:17,749 INFO  [org.wildfly.security] (ServerService Thread Pool -- 2) ELY00001: WildFly Elytron version 1.1.7.Final-redhat-1
2018-01-26 14:54:19,569 INFO  [org.jboss.as.controller.management-deprecated] (ServerService Thread Pool -- 4) WFLYCTL0028: Attribute 'security-realm' in the resource at address '/subsystem=undertow/server=default-server/https-listener=https' is deprecated, and may be removed in future version. See the attribute description in the output of the read-resource-description operation to learn more about the deprecation.
2018-01-26 14:54:19,659 INFO  [org.jboss.as.webservices] (ServerService Thread Pool -- 36) WFLYWS0002: Activating WebServices Extension
2018-01-26 14:54:19,664 WARN  [org.jboss.as.txn] (ServerService Thread Pool -- 38) WFLYTX0013: The node-identifier attribute on the /subsystem=transactions is set to the default value. This is a danger for environments running multiple servers. Please make sure the attribute value is unique.
2018-01-26 14:54:19,688 INFO  [org.jboss.as.security] (ServerService Thread Pool -- 40) WFLYSEC0002: Activating Security Subsystem
2018-01-26 14:54:19,693 INFO  [org.jboss.as.security] (MSC service thread 1-4) WFLYSEC0001: Current PicketBox version=5.0.2.Final-redhat-1
2018-01-26 14:54:19,741 INFO  [org.jboss.as.jsf] (ServerService Thread Pool -- 50) WFLYJSF0007: Activated the following JSF Implementations: [main]
2018-01-26 14:54:19,758 INFO  [org.jboss.as.jaxrs] (ServerService Thread Pool -- 55) WFLYRS0016: RESTEasy version 3.0.24.Final-redhat-1
2018-01-26 14:54:19,767 INFO  [org.jboss.as.clustering.infinispan] (ServerService Thread Pool -- 57) WFLYCLINF0001: Activating Infinispan subsystem.
2018-01-26 14:54:19,781 INFO  [org.wildfly.extension.undertow] (MSC service thread 1-6) WFLYUT0003: Undertow 1.4.18.Final-redhat-2 starting
2018-01-26 14:54:19,802 INFO  [org.jboss.as.naming] (ServerService Thread Pool -- 46) WFLYNAM0001: Activating Naming Subsystem
2018-01-26 14:54:19,806 INFO  [org.wildfly.iiop.openjdk] (ServerService Thread Pool -- 56) WFLYIIOP0001: Activating IIOP Subsystem
2018-01-26 14:54:19,809 INFO  [org.wildfly.extension.undertow] (ServerService Thread Pool -- 37) WFLYUT0014: Creating file handler for path '/opt/jboss-eap-7.1/welcome-content' with options [directory-listing: 'false', follow-symlink: 'false', case-sensitive: 'true', safe-symlink-paths: '[]']
2018-01-26 14:54:19,827 INFO  [org.jboss.as.naming] (MSC service thread 1-2) WFLYNAM0003: Starting Naming Service
2018-01-26 14:54:19,828 INFO  [org.jboss.as.mail.extension] (MSC service thread 1-2) WFLYMAIL0001: Bound mail session [java:jboss/mail/Default]
2018-01-26 14:54:19,831 INFO  [org.jboss.as.connector] (MSC service thread 1-2) WFLYJCA0009: Starting JCA Subsystem (WildFly/IronJacamar 1.4.6.Final-redhat-1)
2018-01-26 14:54:19,905 INFO  [org.wildfly.extension.io] (ServerService Thread Pool -- 58) WFLYIO001: Worker 'default' has auto-configured to 8 core threads with 64 task threads based on your 4 available processors
2018-01-26 14:54:19,919 INFO  [org.jboss.as.connector.subsystems.datasources] (ServerService Thread Pool -- 62) WFLYJCA0004: Deploying JDBC-compliant driver class org.h2.Driver (version 1.4)
2018-01-26 14:54:19,941 INFO  [org.jboss.as.connector.deployers.jdbc] (MSC service thread 1-1) WFLYJCA0018: Started Driver service with driver-name = h2
2018-01-26 14:54:20,130 INFO  [org.jboss.as.ejb3] (MSC service thread 1-8) WFLYEJB0481: Strict pool slsb-strict-max-pool is using a max instance size of 64 (per class), which is derived from thread worker pool sizing.
2018-01-26 14:54:20,121 INFO  [org.jboss.as.ejb3] (MSC service thread 1-4) WFLYEJB0482: Strict pool mdb-strict-max-pool is using a max instance size of 16 (per class), which is derived from the number of CPUs on this host.
2018-01-26 14:54:20,289 INFO  [org.wildfly.extension.undertow] (MSC service thread 1-5) WFLYUT0012: Started server default-server.
2018-01-26 14:54:20,290 INFO  [org.wildfly.extension.undertow] (MSC service thread 1-5) WFLYUT0018: Host default-host starting
2018-01-26 14:54:20,389 INFO  [org.wildfly.extension.undertow] (MSC service thread 1-1) WFLYUT0006: Undertow HTTP listener default listening on 172.18.48.29:8230
2018-01-26 14:54:20,437 INFO  [org.jboss.as.ejb3] (MSC service thread 1-2) WFLYEJB0493: EJB subsystem suspension complete
2018-01-26 14:54:20,506 INFO  [org.wildfly.iiop.openjdk] (MSC service thread 1-7) WFLYIIOP0009: CORBA ORB Service started
2018-01-26 14:54:20,635 INFO  [org.jboss.as.connector.subsystems.datasources] (MSC service thread 1-6) WFLYJCA0001: Bound data source [java:jboss/datasources/ExampleDS]
2018-01-26 14:54:20,636 INFO  [org.jboss.as.patching] (MSC service thread 1-2) WFLYPAT0050: JBoss EAP cumulative patch ID is: base, one-off patches include: none
2018-01-26 14:54:20,681 WARN  [org.jboss.as.domain.management.security] (MSC service thread 1-2) WFLYDM0111: Keystore /opt/jboss-eap-7.1/domain/configuration/application.keystore not found, it will be auto generated on first use with a self signed certificate for host localhost
2018-01-26 14:54:20,737 INFO  [org.wildfly.extension.undertow] (MSC service thread 1-3) WFLYUT0006: Undertow HTTPS listener https listening on 172.18.48.29:8593
2018-01-26 14:54:20,743 INFO  [org.apache.activemq.artemis.core.server] (ServerService Thread Pool -- 66) AMQ221000: live Message Broker is starting with configuration Broker Configuration (clustered=false,journalDirectory=/opt/jboss-eap-7.1/domain/servers/server-two/data/activemq/journal,bindingsDirectory=/opt/jboss-eap-7.1/domain/servers/server-two/data/activemq/bindings,largeMessagesDirectory=/opt/jboss-eap-7.1/domain/servers/server-two/data/activemq/largemessages,pagingDirectory=/opt/jboss-eap-7.1/domain/servers/server-two/data/activemq/paging)
2018-01-26 14:54:20,783 INFO  [org.apache.activemq.artemis.core.server] (ServerService Thread Pool -- 66) AMQ221012: Using AIO Journal
2018-01-26 14:54:20,804 INFO  [org.jboss.ws.common.management] (MSC service thread 1-3) JBWS022052: Starting JBossWS 5.1.9.Final-redhat-1 (Apache CXF 3.1.12.redhat-1) 
2018-01-26 14:54:20,851 INFO  [org.apache.activemq.artemis.core.server] (ServerService Thread Pool -- 66) AMQ221043: Protocol module found: [artemis-server]. Adding protocol support for: CORE
2018-01-26 14:54:20,853 INFO  [org.apache.activemq.artemis.core.server] (ServerService Thread Pool -- 66) AMQ221043: Protocol module found: [artemis-hornetq-protocol]. Adding protocol support for: HORNETQ
2018-01-26 14:54:21,078 INFO  [org.wildfly.extension.messaging-activemq] (MSC service thread 1-5) WFLYMSGAMQ0016: Registered HTTP upgrade for activemq-remoting protocol handled by http-acceptor acceptor
2018-01-26 14:54:21,078 INFO  [org.wildfly.extension.messaging-activemq] (MSC service thread 1-2) WFLYMSGAMQ0016: Registered HTTP upgrade for activemq-remoting protocol handled by http-acceptor-throughput acceptor
2018-01-26 14:54:21,078 INFO  [org.wildfly.extension.messaging-activemq] (MSC service thread 1-7) WFLYMSGAMQ0016: Registered HTTP upgrade for activemq-remoting protocol handled by http-acceptor acceptor
2018-01-26 14:54:21,079 INFO  [org.wildfly.extension.messaging-activemq] (MSC service thread 1-4) WFLYMSGAMQ0016: Registered HTTP upgrade for activemq-remoting protocol handled by http-acceptor-throughput acceptor
2018-01-26 14:54:21,120 INFO  [org.apache.activemq.artemis.core.server] (ServerService Thread Pool -- 66) AMQ221007: Server is now live
2018-01-26 14:54:21,121 INFO  [org.apache.activemq.artemis.core.server] (ServerService Thread Pool -- 66) AMQ221001: Apache ActiveMQ Artemis Message Broker version 1.5.5.008-redhat-1 [default, nodeID=cefe222d-02ce-11e8-9997-005056a9ff92] 
2018-01-26 14:54:21,136 INFO  [org.wildfly.extension.messaging-activemq] (ServerService Thread Pool -- 66) WFLYMSGAMQ0002: Bound messaging object to jndi name java:/ConnectionFactory
2018-01-26 14:54:21,144 INFO  [org.apache.activemq.artemis.core.server] (ServerService Thread Pool -- 69) AMQ221003: Deploying queue jms.queue.DLQ
2018-01-26 14:54:21,153 INFO  [org.apache.activemq.artemis.core.server] (ServerService Thread Pool -- 68) AMQ221003: Deploying queue jms.queue.ExpiryQueue
2018-01-26 14:54:21,154 INFO  [org.wildfly.extension.messaging-activemq] (ServerService Thread Pool -- 67) WFLYMSGAMQ0002: Bound messaging object to jndi name java:jboss/exported/jms/RemoteConnectionFactory
2018-01-26 14:54:21,186 INFO  [org.jboss.as.connector.deployment] (MSC service thread 1-4) WFLYJCA0007: Registered connection factory java:/JmsXA
2018-01-26 14:54:21,225 INFO  [org.apache.activemq.artemis.ra] (MSC service thread 1-4) Resource adaptor started
2018-01-26 14:54:21,225 INFO  [org.jboss.as.connector.services.resourceadapters.ResourceAdapterActivatorService$ResourceAdapterActivator] (MSC service thread 1-4) IJ020002: Deployed: file://RaActivatoractivemq-ra
2018-01-26 14:54:21,226 INFO  [org.jboss.as.connector.deployment] (MSC service thread 1-6) WFLYJCA0002: Bound JCA ConnectionFactory [java:/JmsXA]
2018-01-26 14:54:21,227 INFO  [org.wildfly.extension.messaging-activemq] (MSC service thread 1-6) WFLYMSGAMQ0002: Bound messaging object to jndi name java:jboss/DefaultJMSConnectionFactory
2018-01-26 14:54:21,301 INFO  [org.jboss.as.server] (Controller Boot Thread) WFLYSRV0212: Resuming server
2018-01-26 14:54:21,305 INFO  [org.jboss.as] (Controller Boot Thread) WFLYSRV0025: JBoss EAP 7.1.0.GA (WildFly Core 3.0.10.Final-redhat-1) started in 5396ms - Started 314 of 579 services (360 services are lazy, passive or on-demand)
2018-01-26 14:54:26,050 INFO  [org.jboss.as.server] (Thread-2) WFLYSRV0220: Server shutdown has been requested via an OS signal
2018-01-26 14:54:26,091 INFO  [org.jboss.as.connector.subsystems.datasources] (MSC service thread 1-4) WFLYJCA0010: Unbound data source [java:jboss/datasources/ExampleDS]
2018-01-26 14:54:26,092 INFO  [org.wildfly.extension.messaging-activemq] (MSC service thread 1-4) WFLYMSGAMQ0006: Unbound messaging object to jndi name java:jboss/DefaultJMSConnectionFactory
2018-01-26 14:54:26,110 INFO  [org.jboss.as.connector.deployment] (MSC service thread 1-2) WFLYJCA0011: Unbound JCA ConnectionFactory [java:/JmsXA]
2018-01-26 14:54:26,112 INFO  [org.wildfly.extension.messaging-activemq] (ServerService Thread Pool -- 6) WFLYMSGAMQ0006: Unbound messaging object to jndi name java:jboss/exported/jms/RemoteConnectionFactory
2018-01-26 14:54:26,135 INFO  [org.wildfly.extension.undertow] (MSC service thread 1-4) WFLYUT0019: Host default-host stopping
2018-01-26 14:54:26,157 INFO  [org.wildfly.extension.undertow] (MSC service thread 1-4) WFLYUT0008: Undertow HTTPS listener https suspending
2018-01-26 14:54:26,174 INFO  [org.wildfly.extension.undertow] (MSC service thread 1-4) WFLYUT0007: Undertow HTTPS listener https stopped, was bound to 172.18.48.29:8593
2018-01-26 14:54:26,174 INFO  [org.jboss.as.connector.deployers.jdbc] (MSC service thread 1-4) WFLYJCA0019: Stopped Driver service with driver-name = h2
2018-01-26 14:54:26,213 INFO  [org.apache.activemq.artemis.ra] (ServerService Thread Pool -- 6) AMQ151003: resource adaptor stopped
2018-01-26 14:54:26,285 INFO  [org.apache.activemq.artemis.core.server] (ServerService Thread Pool -- 6) AMQ221002: Apache ActiveMQ Artemis Message Broker version 1.5.5.008-redhat-1 [cefe222d-02ce-11e8-9997-005056a9ff92] stopped, uptime 5.564 seconds
2018-01-26 14:54:26,287 INFO  [org.wildfly.extension.undertow] (MSC service thread 1-2) WFLYUT0008: Undertow HTTP listener default suspending
2018-01-26 14:54:26,287 INFO  [org.wildfly.extension.undertow] (MSC service thread 1-2) WFLYUT0007: Undertow HTTP listener default stopped, was bound to 172.18.48.29:8230
2018-01-26 14:54:26,287 INFO  [org.wildfly.extension.undertow] (MSC service thread 1-2) WFLYUT0004: Undertow 1.4.18.Final-redhat-2 stopping
2018-01-26 14:54:26,319 INFO  [org.jboss.as] (MSC service thread 1-4) WFLYSRV0050: JBoss EAP 7.1.0.GA (WildFly Core 3.0.10.Final-redhat-1) stopped in 247ms
