2018-01-30 14:17:09,174 INFO  [org.jboss.modules] (main) JBoss Modules version 1.6.0.Final-redhat-1
2018-01-30 14:17:09,603 INFO  [org.jboss.msc] (main) JBoss MSC version 1.2.7.SP1-redhat-1
2018-01-30 14:17:09,748 INFO  [org.jboss.as] (MSC service thread 1-7) WFLYSRV0049: JBoss EAP 7.1.0.GA (WildFly Core 3.0.10.Final-redhat-1) starting
2018-01-30 14:17:09,749 DEBUG [org.jboss.as.config] (MSC service thread 1-7) Configured system properties:
	[Server:Prueb1] = 
	awt.toolkit = sun.awt.X11.XToolkit
	file.encoding = UTF-8
	file.encoding.pkg = sun.io
	file.separator = /
	java.awt.graphicsenv = sun.awt.X11GraphicsEnvironment
	java.awt.headless = true
	java.awt.printerjob = sun.print.PSPrinterJob
	java.class.path = /opt/jboss-eap-7.1/jboss-modules.jar
	java.class.version = 52.0
	java.endorsed.dirs = /usr/java/jdk1.8.0_25/jre/lib/endorsed
	java.ext.dirs = /usr/java/jdk1.8.0_25/jre/lib/ext:/usr/java/packages/lib/ext
	java.home = /usr/java/jdk1.8.0_25/jre
	java.io.tmpdir = /tmp
	java.library.path = /usr/java/packages/lib/amd64:/usr/lib64:/lib64:/lib:/usr/lib
	java.net.preferIPv4Stack = true
	java.runtime.name = Java(TM) SE Runtime Environment
	java.runtime.version = 1.8.0_25-b17
	java.specification.name = Java Platform API Specification
	java.specification.vendor = Oracle Corporation
	java.specification.version = 1.8
	java.util.logging.manager = org.jboss.logmanager.LogManager
	java.vendor = Oracle Corporation
	java.vendor.url = http://java.oracle.com/
	java.vendor.url.bug = http://bugreport.sun.com/bugreport/
	java.version = 1.8.0_25
	java.vm.info = mixed mode
	java.vm.name = Java HotSpot(TM) 64-Bit Server VM
	java.vm.specification.name = Java Virtual Machine Specification
	java.vm.specification.vendor = Oracle Corporation
	java.vm.specification.version = 1.8
	java.vm.vendor = Oracle Corporation
	java.vm.version = 25.25-b02
	javax.management.builder.initial = org.jboss.as.jmx.PluggableMBeanServerBuilder
	javax.xml.datatype.DatatypeFactory = __redirected.__DatatypeFactory
	javax.xml.parsers.DocumentBuilderFactory = __redirected.__DocumentBuilderFactory
	javax.xml.parsers.SAXParserFactory = __redirected.__SAXParserFactory
	javax.xml.stream.XMLEventFactory = __redirected.__XMLEventFactory
	javax.xml.stream.XMLInputFactory = __redirected.__XMLInputFactory
	javax.xml.stream.XMLOutputFactory = __redirected.__XMLOutputFactory
	javax.xml.transform.TransformerFactory = __redirected.__TransformerFactory
	javax.xml.validation.SchemaFactory:http://www.w3.org/2001/XMLSchema = __redirected.__SchemaFactory
	javax.xml.xpath.XPathFactory:http://java.sun.com/jaxp/xpath/dom = __redirected.__XPathFactory
	jboss.domain.base.dir = /opt/jboss-eap-7.1/domain
	jboss.domain.config.dir = /opt/jboss-eap-7.1/domain/configuration
	jboss.home.dir = /opt/jboss-eap-7.1
	jboss.host.name = jon
	jboss.modules.dir = /opt/jboss-eap-7.1/modules
	jboss.modules.system.pkgs = org.jboss.byteman
	jboss.node.name = master:Prueb1
	jboss.qualified.host.name = jon.skillnet.local
	jboss.server.base.dir = /opt/jboss-eap-7.1/domain/servers/Prueb1
	jboss.server.config.dir = /opt/jboss-eap-7.1/domain/servers/Prueb1/configuration
	jboss.server.data.dir = /opt/jboss-eap-7.1/domain/servers/Prueb1/data
	jboss.server.deploy.dir = /opt/jboss-eap-7.1/domain/servers/Prueb1/data/content
	jboss.server.log.dir = /opt/jboss-eap-7.1/domain/servers/Prueb1/log
	jboss.server.name = Prueb1
	jboss.server.persist.config = true
	jboss.server.temp.dir = /opt/jboss-eap-7.1/domain/servers/Prueb1/tmp
	line.separator = 

	logging.configuration = file:/opt/jboss-eap-7.1/domain/configuration/default-server-logging.properties
	module.path = /opt/jboss-eap-7.1/modules
	org.jboss.boot.log.file = /opt/jboss-eap-7.1/domain/servers/Prueb1/log/server.log
	org.jboss.resolver.warning = true
	org.xml.sax.driver = __redirected.__XMLReaderFactory
	os.arch = amd64
	os.name = Linux
	os.version = 3.10.0-514.el7.x86_64
	path.separator = :
	sun.arch.data.model = 64
	sun.boot.class.path = /usr/java/jdk1.8.0_25/jre/lib/resources.jar:/usr/java/jdk1.8.0_25/jre/lib/rt.jar:/usr/java/jdk1.8.0_25/jre/lib/sunrsasign.jar:/usr/java/jdk1.8.0_25/jre/lib/jsse.jar:/usr/java/jdk1.8.0_25/jre/lib/jce.jar:/usr/java/jdk1.8.0_25/jre/lib/charsets.jar:/usr/java/jdk1.8.0_25/jre/lib/jfr.jar:/usr/java/jdk1.8.0_25/jre/classes
	sun.boot.library.path = /usr/java/jdk1.8.0_25/jre/lib/amd64
	sun.cpu.endian = little
	sun.cpu.isalist = 
	sun.io.unicode.encoding = UnicodeLittle
	sun.java.command = /opt/jboss-eap-7.1/jboss-modules.jar -mp /opt/jboss-eap-7.1/modules org.jboss.as.server
	sun.java.launcher = SUN_STANDARD
	sun.jnu.encoding = UTF-8
	sun.management.compiler = HotSpot 64-Bit Tiered Compilers
	sun.os.patch.level = unknown
	user.country = US
	user.dir = /opt/jboss-eap-7.1
	user.home = /home/jboss
	user.language = en
	user.name = jboss
	user.timezone = America/New_York
2018-01-30 14:17:09,749 DEBUG [org.jboss.as.config] (MSC service thread 1-7) VM Arguments: -D[Server:Prueb1] -Xms64m -Xmx256m -Djava.awt.headless=true -Djava.net.preferIPv4Stack=true -Djboss.home.dir=/opt/jboss-eap-7.1 -Djboss.modules.system.pkgs=org.jboss.byteman -Djboss.server.log.dir=/opt/jboss-eap-7.1/domain/servers/Prueb1/log -Djboss.server.temp.dir=/opt/jboss-eap-7.1/domain/servers/Prueb1/tmp -Djboss.server.data.dir=/opt/jboss-eap-7.1/domain/servers/Prueb1/data -Dorg.jboss.boot.log.file=/opt/jboss-eap-7.1/domain/servers/Prueb1/log/server.log -Dlogging.configuration=file:/opt/jboss-eap-7.1/domain/configuration/default-server-logging.properties 
2018-01-30 14:17:09,836 INFO  [org.xnio] (MSC service thread 1-7) XNIO version 3.5.4.Final-redhat-1
2018-01-30 14:17:09,842 INFO  [org.xnio.nio] (MSC service thread 1-7) XNIO NIO Implementation Version 3.5.4.Final-redhat-1
2018-01-30 14:17:09,876 INFO  [org.jboss.remoting] (MSC service thread 1-8) JBoss Remoting version 5.0.5.Final-redhat-1
2018-01-30 14:17:10,226 INFO  [org.wildfly.security] (ServerService Thread Pool -- 2) ELY00001: WildFly Elytron version 1.1.7.Final-redhat-1
2018-01-30 14:17:11,415 INFO  [org.jboss.as.controller.management-deprecated] (ServerService Thread Pool -- 26) WFLYCTL0028: Attribute 'security-realm' in the resource at address '/subsystem=undertow/server=default-server/https-listener=https' is deprecated, and may be removed in future version. See the attribute description in the output of the read-resource-description operation to learn more about the deprecation.
2018-01-30 14:17:11,679 WARN  [org.jboss.as.txn] (ServerService Thread Pool -- 38) WFLYTX0013: The node-identifier attribute on the /subsystem=transactions is set to the default value. This is a danger for environments running multiple servers. Please make sure the attribute value is unique.
2018-01-30 14:17:11,682 INFO  [org.jboss.as.webservices] (ServerService Thread Pool -- 36) WFLYWS0002: Activating WebServices Extension
2018-01-30 14:17:11,696 INFO  [org.jboss.as.security] (ServerService Thread Pool -- 41) WFLYSEC0002: Activating Security Subsystem
2018-01-30 14:17:11,704 INFO  [org.jboss.as.security] (MSC service thread 1-1) WFLYSEC0001: Current PicketBox version=5.0.2.Final-redhat-1
2018-01-30 14:17:11,715 INFO  [org.jboss.as.naming] (ServerService Thread Pool -- 47) WFLYNAM0001: Activating Naming Subsystem
2018-01-30 14:17:11,739 INFO  [org.jboss.as.jaxrs] (ServerService Thread Pool -- 56) WFLYRS0016: RESTEasy version 3.0.24.Final-redhat-1
2018-01-30 14:17:11,744 INFO  [org.jboss.as.jsf] (ServerService Thread Pool -- 50) WFLYJSF0007: Activated the following JSF Implementations: [main]
2018-01-30 14:17:11,760 INFO  [org.wildfly.extension.undertow] (MSC service thread 1-4) WFLYUT0003: Undertow 1.4.18.Final-redhat-2 starting
2018-01-30 14:17:11,770 INFO  [org.wildfly.extension.io] (ServerService Thread Pool -- 58) WFLYIO001: Worker 'default' has auto-configured to 8 core threads with 64 task threads based on your 4 available processors
2018-01-30 14:17:11,786 INFO  [org.jboss.as.clustering.infinispan] (ServerService Thread Pool -- 57) WFLYCLINF0001: Activating Infinispan subsystem.
2018-01-30 14:17:11,792 INFO  [org.jboss.as.connector] (MSC service thread 1-2) WFLYJCA0009: Starting JCA Subsystem (WildFly/IronJacamar 1.4.6.Final-redhat-1)
2018-01-30 14:17:11,794 INFO  [org.jboss.as.clustering.jgroups] (ServerService Thread Pool -- 53) WFLYCLJG0001: Activating JGroups subsystem. JGroups version 3.6.13
2018-01-30 14:17:11,798 INFO  [org.wildfly.extension.undertow] (ServerService Thread Pool -- 37) WFLYUT0014: Creating file handler for path '/opt/jboss-eap-7.1/welcome-content' with options [directory-listing: 'false', follow-symlink: 'false', case-sensitive: 'true', safe-symlink-paths: '[]']
2018-01-30 14:17:11,800 INFO  [org.jboss.as.mail.extension] (MSC service thread 1-5) WFLYMAIL0001: Bound mail session [java:jboss/mail/Default]
2018-01-30 14:17:11,802 INFO  [org.jboss.as.naming] (MSC service thread 1-4) WFLYNAM0003: Starting Naming Service
2018-01-30 14:17:11,921 INFO  [org.jboss.as.connector.subsystems.datasources] (ServerService Thread Pool -- 62) WFLYJCA0004: Deploying JDBC-compliant driver class org.h2.Driver (version 1.4)
2018-01-30 14:17:11,927 INFO  [org.jboss.as.connector.deployers.jdbc] (MSC service thread 1-3) WFLYJCA0018: Started Driver service with driver-name = h2
2018-01-30 14:17:12,124 INFO  [org.wildfly.extension.undertow] (MSC service thread 1-3) WFLYUT0012: Started server default-server.
2018-01-30 14:17:12,125 INFO  [org.wildfly.extension.undertow] (MSC service thread 1-3) WFLYUT0018: Host default-host starting
2018-01-30 14:17:12,321 INFO  [org.jboss.as.ejb3] (MSC service thread 1-2) WFLYEJB0481: Strict pool slsb-strict-max-pool is using a max instance size of 64 (per class), which is derived from thread worker pool sizing.
2018-01-30 14:17:12,322 INFO  [org.jboss.as.ejb3] (MSC service thread 1-5) WFLYEJB0482: Strict pool mdb-strict-max-pool is using a max instance size of 16 (per class), which is derived from the number of CPUs on this host.
2018-01-30 14:17:12,397 INFO  [org.wildfly.extension.undertow] (MSC service thread 1-3) WFLYUT0006: Undertow AJP listener ajp listening on 172.18.48.29:8809
2018-01-30 14:17:12,401 INFO  [org.jboss.modcluster] (ServerService Thread Pool -- 66) MODCLUSTER000001: Initializing mod_cluster version 1.3.7.Final-redhat-1
2018-01-30 14:17:12,406 INFO  [org.wildfly.extension.undertow] (MSC service thread 1-6) WFLYUT0006: Undertow HTTP listener default listening on 172.18.48.29:8880
2018-01-30 14:17:12,416 INFO  [org.jboss.modcluster] (ServerService Thread Pool -- 66) MODCLUSTER000032: Listening to proxy advertisements on /224.0.1.105:23364
2018-01-30 14:17:12,521 INFO  [org.jboss.as.ejb3] (MSC service thread 1-2) WFLYEJB0493: EJB subsystem suspension complete
2018-01-30 14:17:12,663 INFO  [org.jboss.as.connector.subsystems.datasources] (MSC service thread 1-3) WFLYJCA0001: Bound data source [java:jboss/datasources/ExampleDS]
2018-01-30 14:17:12,728 INFO  [org.jboss.as.patching] (MSC service thread 1-3) WFLYPAT0050: JBoss EAP cumulative patch ID is: base, one-off patches include: none
2018-01-30 14:17:12,734 WARN  [org.jboss.as.domain.management.security] (MSC service thread 1-4) WFLYDM0111: Keystore /opt/jboss-eap-7.1/domain/configuration/application.keystore not found, it will be auto generated on first use with a self signed certificate for host localhost
2018-01-30 14:17:12,772 INFO  [org.wildfly.extension.undertow] (MSC service thread 1-8) WFLYUT0006: Undertow HTTPS listener https listening on 172.18.48.29:9243
2018-01-30 14:17:12,895 INFO  [org.jboss.ws.common.management] (MSC service thread 1-7) JBWS022052: Starting JBossWS 5.1.9.Final-redhat-1 (Apache CXF 3.1.12.redhat-1) 
2018-01-30 14:17:12,997 INFO  [org.jboss.as.server] (Controller Boot Thread) WFLYSRV0212: Resuming server
2018-01-30 14:17:13,001 INFO  [org.jboss.as] (Controller Boot Thread) WFLYSRV0025: JBoss EAP 7.1.0.GA (WildFly Core 3.0.10.Final-redhat-1) started in 4618ms - Started 295 of 627 services (418 services are lazy, passive or on-demand)
2018-01-30 14:21:39,284 INFO  [org.jboss.as.server] (ServerService Thread Pool -- 5) WFLYSRV0236: Suspending server with no timeout.
2018-01-30 14:21:39,286 INFO  [org.jboss.as.ejb3] (ServerService Thread Pool -- 5) WFLYEJB0493: EJB subsystem suspension complete
2018-01-30 14:21:39,289 INFO  [org.jboss.as.server] (main) WFLYSRV0240: ProcessController has signalled to shut down; shutting down
2018-01-30 14:21:39,302 INFO  [org.jboss.as.connector.subsystems.datasources] (MSC service thread 1-6) WFLYJCA0010: Unbound data source [java:jboss/datasources/ExampleDS]
2018-01-30 14:21:39,306 INFO  [org.wildfly.extension.undertow] (MSC service thread 1-8) WFLYUT0008: Undertow HTTPS listener https suspending
2018-01-30 14:21:39,307 INFO  [org.wildfly.extension.undertow] (MSC service thread 1-3) WFLYUT0008: Undertow HTTP listener default suspending
2018-01-30 14:21:39,305 INFO  [org.wildfly.extension.undertow] (MSC service thread 1-4) WFLYUT0019: Host default-host stopping
2018-01-30 14:21:39,308 INFO  [org.wildfly.extension.undertow] (MSC service thread 1-8) WFLYUT0007: Undertow HTTPS listener https stopped, was bound to 172.18.48.29:9243
2018-01-30 14:21:39,308 INFO  [org.wildfly.extension.undertow] (MSC service thread 1-3) WFLYUT0007: Undertow HTTP listener default stopped, was bound to 172.18.48.29:8880
2018-01-30 14:21:39,309 INFO  [org.wildfly.extension.undertow] (MSC service thread 1-3) WFLYUT0008: Undertow AJP listener ajp suspending
2018-01-30 14:21:39,310 INFO  [org.wildfly.extension.undertow] (MSC service thread 1-3) WFLYUT0007: Undertow AJP listener ajp stopped, was bound to 172.18.48.29:8809
2018-01-30 14:21:39,311 INFO  [org.jboss.modcluster] (ServerService Thread Pool -- 5) MODCLUSTER000002: Initiating mod_cluster shutdown
2018-01-30 14:21:39,323 INFO  [org.wildfly.extension.undertow] (MSC service thread 1-6) WFLYUT0004: Undertow 1.4.18.Final-redhat-2 stopping
2018-01-30 14:21:39,340 INFO  [org.jboss.as.connector.deployers.jdbc] (MSC service thread 1-4) WFLYJCA0019: Stopped Driver service with driver-name = h2
2018-01-30 14:21:39,388 INFO  [org.jboss.as] (MSC service thread 1-2) WFLYSRV0050: JBoss EAP 7.1.0.GA (WildFly Core 3.0.10.Final-redhat-1) stopped in 70ms
2018-01-30 14:21:47,937 INFO  [org.jboss.modules] (main) JBoss Modules version 1.6.0.Final-redhat-1
2018-01-30 14:21:48,302 INFO  [org.jboss.msc] (main) JBoss MSC version 1.2.7.SP1-redhat-1
2018-01-30 14:21:48,440 INFO  [org.jboss.as] (MSC service thread 1-7) WFLYSRV0049: JBoss EAP 7.1.0.GA (WildFly Core 3.0.10.Final-redhat-1) starting
2018-01-30 14:21:48,441 DEBUG [org.jboss.as.config] (MSC service thread 1-7) Configured system properties:
	[Server:Prueb1] = 
	awt.toolkit = sun.awt.X11.XToolkit
	file.encoding = UTF-8
	file.encoding.pkg = sun.io
	file.separator = /
	java.awt.graphicsenv = sun.awt.X11GraphicsEnvironment
	java.awt.headless = true
	java.awt.printerjob = sun.print.PSPrinterJob
	java.class.path = /opt/jboss-eap-7.1/jboss-modules.jar
	java.class.version = 52.0
	java.endorsed.dirs = /usr/java/jdk1.8.0_25/jre/lib/endorsed
	java.ext.dirs = /usr/java/jdk1.8.0_25/jre/lib/ext:/usr/java/packages/lib/ext
	java.home = /usr/java/jdk1.8.0_25/jre
	java.io.tmpdir = /tmp
	java.library.path = /usr/java/packages/lib/amd64:/usr/lib64:/lib64:/lib:/usr/lib
	java.net.preferIPv4Stack = true
	java.runtime.name = Java(TM) SE Runtime Environment
	java.runtime.version = 1.8.0_25-b17
	java.specification.name = Java Platform API Specification
	java.specification.vendor = Oracle Corporation
	java.specification.version = 1.8
	java.util.logging.manager = org.jboss.logmanager.LogManager
	java.vendor = Oracle Corporation
	java.vendor.url = http://java.oracle.com/
	java.vendor.url.bug = http://bugreport.sun.com/bugreport/
	java.version = 1.8.0_25
	java.vm.info = mixed mode
	java.vm.name = Java HotSpot(TM) 64-Bit Server VM
	java.vm.specification.name = Java Virtual Machine Specification
	java.vm.specification.vendor = Oracle Corporation
	java.vm.specification.version = 1.8
	java.vm.vendor = Oracle Corporation
	java.vm.version = 25.25-b02
	javax.management.builder.initial = org.jboss.as.jmx.PluggableMBeanServerBuilder
	javax.xml.datatype.DatatypeFactory = __redirected.__DatatypeFactory
	javax.xml.parsers.DocumentBuilderFactory = __redirected.__DocumentBuilderFactory
	javax.xml.parsers.SAXParserFactory = __redirected.__SAXParserFactory
	javax.xml.stream.XMLEventFactory = __redirected.__XMLEventFactory
	javax.xml.stream.XMLInputFactory = __redirected.__XMLInputFactory
	javax.xml.stream.XMLOutputFactory = __redirected.__XMLOutputFactory
	javax.xml.transform.TransformerFactory = __redirected.__TransformerFactory
	javax.xml.validation.SchemaFactory:http://www.w3.org/2001/XMLSchema = __redirected.__SchemaFactory
	javax.xml.xpath.XPathFactory:http://java.sun.com/jaxp/xpath/dom = __redirected.__XPathFactory
	jboss.domain.base.dir = /opt/jboss-eap-7.1/domain
	jboss.domain.config.dir = /opt/jboss-eap-7.1/domain/configuration
	jboss.home.dir = /opt/jboss-eap-7.1
	jboss.host.name = jon
	jboss.modules.dir = /opt/jboss-eap-7.1/modules
	jboss.modules.system.pkgs = org.jboss.byteman
	jboss.node.name = master:Prueb1
	jboss.qualified.host.name = jon.skillnet.local
	jboss.server.base.dir = /opt/jboss-eap-7.1/domain/servers/Prueb1
	jboss.server.config.dir = /opt/jboss-eap-7.1/domain/servers/Prueb1/configuration
	jboss.server.data.dir = /opt/jboss-eap-7.1/domain/servers/Prueb1/data
	jboss.server.deploy.dir = /opt/jboss-eap-7.1/domain/servers/Prueb1/data/content
	jboss.server.log.dir = /opt/jboss-eap-7.1/domain/servers/Prueb1/log
	jboss.server.name = Prueb1
	jboss.server.persist.config = true
	jboss.server.temp.dir = /opt/jboss-eap-7.1/domain/servers/Prueb1/tmp
	line.separator = 

	logging.configuration = file:/opt/jboss-eap-7.1/domain/servers/Prueb1/data/logging.properties
	module.path = /opt/jboss-eap-7.1/modules
	org.jboss.resolver.warning = true
	org.xml.sax.driver = __redirected.__XMLReaderFactory
	os.arch = amd64
	os.name = Linux
	os.version = 3.10.0-514.el7.x86_64
	path.separator = :
	sun.arch.data.model = 64
	sun.boot.class.path = /usr/java/jdk1.8.0_25/jre/lib/resources.jar:/usr/java/jdk1.8.0_25/jre/lib/rt.jar:/usr/java/jdk1.8.0_25/jre/lib/sunrsasign.jar:/usr/java/jdk1.8.0_25/jre/lib/jsse.jar:/usr/java/jdk1.8.0_25/jre/lib/jce.jar:/usr/java/jdk1.8.0_25/jre/lib/charsets.jar:/usr/java/jdk1.8.0_25/jre/lib/jfr.jar:/usr/java/jdk1.8.0_25/jre/classes
	sun.boot.library.path = /usr/java/jdk1.8.0_25/jre/lib/amd64
	sun.cpu.endian = little
	sun.cpu.isalist = 
	sun.io.unicode.encoding = UnicodeLittle
	sun.java.command = /opt/jboss-eap-7.1/jboss-modules.jar -mp /opt/jboss-eap-7.1/modules org.jboss.as.server
	sun.java.launcher = SUN_STANDARD
	sun.jnu.encoding = UTF-8
	sun.management.compiler = HotSpot 64-Bit Tiered Compilers
	sun.os.patch.level = unknown
	user.country = US
	user.dir = /opt/jboss-eap-7.1
	user.home = /home/jboss
	user.language = en
	user.name = jboss
	user.timezone = America/New_York
2018-01-30 14:21:48,442 DEBUG [org.jboss.as.config] (MSC service thread 1-7) VM Arguments: -D[Server:Prueb1] -Xms64m -Xmx256m -Djava.awt.headless=true -Djava.net.preferIPv4Stack=true -Djboss.home.dir=/opt/jboss-eap-7.1 -Djboss.modules.system.pkgs=org.jboss.byteman -Djboss.server.log.dir=/opt/jboss-eap-7.1/domain/servers/Prueb1/log -Djboss.server.temp.dir=/opt/jboss-eap-7.1/domain/servers/Prueb1/tmp -Djboss.server.data.dir=/opt/jboss-eap-7.1/domain/servers/Prueb1/data -Dlogging.configuration=file:/opt/jboss-eap-7.1/domain/servers/Prueb1/data/logging.properties 
2018-01-30 14:21:48,517 INFO  [org.xnio] (MSC service thread 1-7) XNIO version 3.5.4.Final-redhat-1
2018-01-30 14:21:48,523 INFO  [org.xnio.nio] (MSC service thread 1-7) XNIO NIO Implementation Version 3.5.4.Final-redhat-1
2018-01-30 14:21:48,565 INFO  [org.jboss.remoting] (MSC service thread 1-6) JBoss Remoting version 5.0.5.Final-redhat-1
2018-01-30 14:21:48,925 INFO  [org.wildfly.security] (ServerService Thread Pool -- 2) ELY00001: WildFly Elytron version 1.1.7.Final-redhat-1
2018-01-30 14:21:50,066 INFO  [org.jboss.as.controller.management-deprecated] (ServerService Thread Pool -- 19) WFLYCTL0028: Attribute 'security-realm' in the resource at address '/subsystem=undertow/server=default-server/https-listener=https' is deprecated, and may be removed in future version. See the attribute description in the output of the read-resource-description operation to learn more about the deprecation.
2018-01-30 14:21:50,267 INFO  [org.jboss.as.webservices] (ServerService Thread Pool -- 36) WFLYWS0002: Activating WebServices Extension
2018-01-30 14:21:50,282 WARN  [org.jboss.as.txn] (ServerService Thread Pool -- 38) WFLYTX0013: The node-identifier attribute on the /subsystem=transactions is set to the default value. This is a danger for environments running multiple servers. Please make sure the attribute value is unique.
2018-01-30 14:21:50,306 INFO  [org.jboss.as.security] (ServerService Thread Pool -- 41) WFLYSEC0002: Activating Security Subsystem
2018-01-30 14:21:50,324 INFO  [org.jboss.as.jsf] (ServerService Thread Pool -- 50) WFLYJSF0007: Activated the following JSF Implementations: [main]
2018-01-30 14:21:50,343 INFO  [org.jboss.as.security] (MSC service thread 1-5) WFLYSEC0001: Current PicketBox version=5.0.2.Final-redhat-1
2018-01-30 14:21:50,345 INFO  [org.wildfly.extension.undertow] (MSC service thread 1-8) WFLYUT0003: Undertow 1.4.18.Final-redhat-2 starting
2018-01-30 14:21:50,347 INFO  [org.wildfly.extension.undertow] (ServerService Thread Pool -- 37) WFLYUT0014: Creating file handler for path '/opt/jboss-eap-7.1/welcome-content' with options [directory-listing: 'false', follow-symlink: 'false', case-sensitive: 'true', safe-symlink-paths: '[]']
2018-01-30 14:21:50,356 INFO  [org.jboss.as.clustering.infinispan] (ServerService Thread Pool -- 57) WFLYCLINF0001: Activating Infinispan subsystem.
2018-01-30 14:21:50,362 INFO  [org.jboss.as.jaxrs] (ServerService Thread Pool -- 56) WFLYRS0016: RESTEasy version 3.0.24.Final-redhat-1
2018-01-30 14:21:50,371 INFO  [org.jboss.as.connector] (MSC service thread 1-2) WFLYJCA0009: Starting JCA Subsystem (WildFly/IronJacamar 1.4.6.Final-redhat-1)
2018-01-30 14:21:50,387 INFO  [org.jboss.as.clustering.jgroups] (ServerService Thread Pool -- 53) WFLYCLJG0001: Activating JGroups subsystem. JGroups version 3.6.13
2018-01-30 14:21:50,399 INFO  [org.wildfly.extension.io] (ServerService Thread Pool -- 58) WFLYIO001: Worker 'default' has auto-configured to 8 core threads with 64 task threads based on your 4 available processors
2018-01-30 14:21:50,400 INFO  [org.jboss.as.naming] (ServerService Thread Pool -- 47) WFLYNAM0001: Activating Naming Subsystem
2018-01-30 14:21:50,429 INFO  [org.jboss.as.connector.subsystems.datasources] (ServerService Thread Pool -- 62) WFLYJCA0004: Deploying JDBC-compliant driver class org.h2.Driver (version 1.4)
2018-01-30 14:21:50,436 INFO  [org.jboss.as.connector.deployers.jdbc] (MSC service thread 1-7) WFLYJCA0018: Started Driver service with driver-name = h2
2018-01-30 14:21:50,549 INFO  [org.jboss.as.naming] (MSC service thread 1-1) WFLYNAM0003: Starting Naming Service
2018-01-30 14:21:50,550 INFO  [org.jboss.as.mail.extension] (MSC service thread 1-6) WFLYMAIL0001: Bound mail session [java:jboss/mail/Default]
2018-01-30 14:21:50,979 INFO  [org.jboss.as.ejb3] (MSC service thread 1-2) WFLYEJB0481: Strict pool slsb-strict-max-pool is using a max instance size of 64 (per class), which is derived from thread worker pool sizing.
2018-01-30 14:21:50,979 INFO  [org.jboss.as.ejb3] (MSC service thread 1-1) WFLYEJB0482: Strict pool mdb-strict-max-pool is using a max instance size of 16 (per class), which is derived from the number of CPUs on this host.
2018-01-30 14:21:50,993 INFO  [org.wildfly.extension.undertow] (MSC service thread 1-7) WFLYUT0012: Started server default-server.
2018-01-30 14:21:51,008 INFO  [org.wildfly.extension.undertow] (MSC service thread 1-2) WFLYUT0018: Host default-host starting
2018-01-30 14:21:51,072 INFO  [org.wildfly.extension.undertow] (MSC service thread 1-7) WFLYUT0006: Undertow AJP listener ajp listening on 172.18.48.29:8809
2018-01-30 14:21:51,072 INFO  [org.wildfly.extension.undertow] (MSC service thread 1-1) WFLYUT0006: Undertow HTTP listener default listening on 172.18.48.29:8880
2018-01-30 14:21:51,089 INFO  [org.jboss.modcluster] (ServerService Thread Pool -- 66) MODCLUSTER000001: Initializing mod_cluster version 1.3.7.Final-redhat-1
2018-01-30 14:21:51,101 INFO  [org.jboss.modcluster] (ServerService Thread Pool -- 66) MODCLUSTER000032: Listening to proxy advertisements on /224.0.1.105:23364
2018-01-30 14:21:51,106 INFO  [org.jboss.as.ejb3] (MSC service thread 1-8) WFLYEJB0493: EJB subsystem suspension complete
2018-01-30 14:21:51,276 INFO  [org.jboss.as.patching] (MSC service thread 1-7) WFLYPAT0050: JBoss EAP cumulative patch ID is: base, one-off patches include: none
2018-01-30 14:21:51,286 WARN  [org.jboss.as.domain.management.security] (MSC service thread 1-7) WFLYDM0111: Keystore /opt/jboss-eap-7.1/domain/configuration/application.keystore not found, it will be auto generated on first use with a self signed certificate for host localhost
2018-01-30 14:21:51,299 INFO  [org.jboss.as.connector.subsystems.datasources] (MSC service thread 1-3) WFLYJCA0001: Bound data source [java:jboss/datasources/ExampleDS]
2018-01-30 14:21:51,331 INFO  [org.wildfly.extension.undertow] (MSC service thread 1-7) WFLYUT0006: Undertow HTTPS listener https listening on 172.18.48.29:9243
2018-01-30 14:21:51,391 INFO  [org.jboss.ws.common.management] (MSC service thread 1-7) JBWS022052: Starting JBossWS 5.1.9.Final-redhat-1 (Apache CXF 3.1.12.redhat-1) 
2018-01-30 14:21:51,478 INFO  [org.jboss.as.server] (Controller Boot Thread) WFLYSRV0212: Resuming server
2018-01-30 14:21:51,482 INFO  [org.jboss.as] (Controller Boot Thread) WFLYSRV0025: JBoss EAP 7.1.0.GA (WildFly Core 3.0.10.Final-redhat-1) started in 3956ms - Started 295 of 627 services (418 services are lazy, passive or on-demand)
2018-01-30 14:25:51,041 INFO  [org.jboss.as.server.deployment] (MSC service thread 1-2) WFLYSRV0027: Starting deployment of "PruebaEAR.ear" (runtime-name: "PruebaEAR.ear")
2018-01-30 14:25:51,094 INFO  [org.jboss.as.server.deployment] (MSC service thread 1-6) WFLYSRV0207: Starting subdeployment (runtime-name: "Prueba.war")
2018-01-30 14:25:51,870 INFO  [org.jboss.ws.cxf.metadata] (MSC service thread 1-4) JBWS024061: Adding service endpoint metadata: id=Hello
 address=http://localhost:8880/Prueba/Hello
 implementor=com.skillnet.Hello
 serviceName={http://skillnet.com/}HelloService
 portName={http://skillnet.com/}HelloPort
 annotationWsdlLocation=null
 wsdlLocationOverride=null
 mtomEnabled=false
2018-01-30 14:25:51,882 WARN  [org.jboss.as.clustering.jgroups.protocol.UDP] (ServerService Thread Pool -- 15) JGRP000015: the send buffer of socket MulticastSocket was set to 1MB, but the OS only allocated 212.99KB. This might lead to performance problems. Please set your max send buffer in the OS correctly (e.g. net.core.wmem_max on Linux)
2018-01-30 14:25:51,883 WARN  [org.jboss.as.clustering.jgroups.protocol.UDP] (ServerService Thread Pool -- 15) JGRP000015: the receive buffer of socket MulticastSocket was set to 20MB, but the OS only allocated 212.99KB. This might lead to performance problems. Please set your max receive buffer in the OS correctly (e.g. net.core.rmem_max on Linux)
2018-01-30 14:25:51,883 WARN  [org.jboss.as.clustering.jgroups.protocol.UDP] (ServerService Thread Pool -- 15) JGRP000015: the send buffer of socket MulticastSocket was set to 1MB, but the OS only allocated 212.99KB. This might lead to performance problems. Please set your max send buffer in the OS correctly (e.g. net.core.wmem_max on Linux)
2018-01-30 14:25:51,883 WARN  [org.jboss.as.clustering.jgroups.protocol.UDP] (ServerService Thread Pool -- 15) JGRP000015: the receive buffer of socket MulticastSocket was set to 25MB, but the OS only allocated 212.99KB. This might lead to performance problems. Please set your max receive buffer in the OS correctly (e.g. net.core.rmem_max on Linux)
2018-01-30 14:25:52,450 INFO  [org.apache.cxf.wsdl.service.factory.ReflectionServiceFactoryBean] (MSC service thread 1-4) Creating Service {http://skillnet.com/}HelloService from class com.skillnet.Hello
2018-01-30 14:25:52,729 INFO  [org.apache.cxf.endpoint.ServerImpl] (MSC service thread 1-4) Setting the server's publish address to be http://localhost:8880/Prueba/Hello
2018-01-30 14:25:52,791 INFO  [org.jboss.ws.cxf.deployment] (MSC service thread 1-4) JBWS024074: WSDL published to: file:/opt/jboss-eap-7.1/domain/servers/Prueb1/data/wsdl/PruebaEAR.ear/Prueba.war/HelloService.wsdl
2018-01-30 14:25:52,836 INFO  [org.jboss.as.webservices] (MSC service thread 1-8) WFLYWS0003: Starting service jboss.ws.endpoint."PruebaEAR.ear"."Prueba.war".Hello
2018-01-30 14:25:55,391 INFO  [org.infinispan.remoting.transport.jgroups.JGroupsTransport] (MSC service thread 1-5) ISPN000078: Starting JGroups channel ejb
2018-01-30 14:25:55,395 INFO  [org.infinispan.remoting.transport.jgroups.JGroupsTransport] (MSC service thread 1-8) ISPN000078: Starting JGroups channel ejb
2018-01-30 14:25:55,391 INFO  [org.infinispan.remoting.transport.jgroups.JGroupsTransport] (MSC service thread 1-3) ISPN000078: Starting JGroups channel ejb
2018-01-30 14:25:55,395 INFO  [org.infinispan.remoting.transport.jgroups.JGroupsTransport] (MSC service thread 1-7) ISPN000078: Starting JGroups channel ejb
2018-01-30 14:25:55,413 INFO  [org.infinispan.remoting.transport.jgroups.JGroupsTransport] (MSC service thread 1-7) ISPN000094: Received new cluster view for channel ejb: [master:Prueb1|0] (1) [master:Prueb1]
2018-01-30 14:25:55,413 INFO  [org.infinispan.remoting.transport.jgroups.JGroupsTransport] (MSC service thread 1-3) ISPN000094: Received new cluster view for channel ejb: [master:Prueb1|0] (1) [master:Prueb1]
2018-01-30 14:25:55,418 INFO  [org.infinispan.remoting.transport.jgroups.JGroupsTransport] (MSC service thread 1-3) ISPN000079: Channel ejb local address is master:Prueb1, physical addresses are [127.0.0.1:56000]
2018-01-30 14:25:55,418 INFO  [org.infinispan.remoting.transport.jgroups.JGroupsTransport] (MSC service thread 1-8) ISPN000094: Received new cluster view for channel ejb: [master:Prueb1|0] (1) [master:Prueb1]
2018-01-30 14:25:55,419 INFO  [org.infinispan.remoting.transport.jgroups.JGroupsTransport] (MSC service thread 1-8) ISPN000079: Channel ejb local address is master:Prueb1, physical addresses are [127.0.0.1:56000]
2018-01-30 14:25:55,419 INFO  [org.infinispan.remoting.transport.jgroups.JGroupsTransport] (MSC service thread 1-5) ISPN000094: Received new cluster view for channel ejb: [master:Prueb1|0] (1) [master:Prueb1]
2018-01-30 14:25:55,419 INFO  [org.infinispan.remoting.transport.jgroups.JGroupsTransport] (MSC service thread 1-5) ISPN000079: Channel ejb local address is master:Prueb1, physical addresses are [127.0.0.1:56000]
2018-01-30 14:25:55,423 INFO  [org.infinispan.remoting.transport.jgroups.JGroupsTransport] (MSC service thread 1-7) ISPN000079: Channel ejb local address is master:Prueb1, physical addresses are [127.0.0.1:56000]
2018-01-30 14:25:55,428 INFO  [org.infinispan.factories.GlobalComponentRegistry] (MSC service thread 1-8) ISPN000128: Infinispan version: Infinispan 'Chakra' 8.2.8.Final-redhat-1
2018-01-30 14:25:55,658 INFO  [org.jboss.as.clustering.infinispan] (ServerService Thread Pool -- 15) WFLYCLINF0002: Started client-mappings cache from ejb container
2018-01-30 14:25:55,814 INFO  [org.wildfly.extension.undertow] (ServerService Thread Pool -- 70) WFLYUT0021: Registered web context: '/Prueba' for server 'default-server'
2018-01-30 14:25:55,868 INFO  [org.jboss.as.server] (ServerService Thread Pool -- 30) WFLYSRV0010: Deployed "PruebaEAR.ear" (runtime-name : "PruebaEAR.ear")
